{"/home/seyi-banjo/Codes/OnlineAuction/backend/db.ts": {"path":"/home/seyi-banjo/Codes/OnlineAuction/backend/db.ts","statementMap":{"0":{"start":{"line":1,"column":0},"end":{"line":1,"column":35}},"1":{"start":{"line":3,"column":18},"end":{"line":8,"column":null}},"2":{"start":{"line":3,"column":28},"end":{"line":8,"column":null}},"3":{"start":{"line":4,"column":4},"end":{"line":4,"column":null}},"4":{"start":{"line":5,"column":4},"end":{"line":5,"column":58}},"5":{"start":{"line":7,"column":4},"end":{"line":7,"column":null}},"6":{"start":{"line":3,"column":13},"end":{"line":3,"column":18}}},"fnMap":{"0":{"name":"(anonymous_7)","decl":{"start":{"line":3,"column":18},"end":{"line":3,"column":26}},"loc":{"start":{"line":3,"column":28},"end":{"line":8,"column":null}}},"1":{"name":"(anonymous_8)","decl":{"start":{"line":3,"column":28},"end":{"line":3,"column":null}},"loc":{"start":{"line":3,"column":28},"end":{"line":8,"column":1}}}},"branchMap":{},"s":{"0":1,"1":1,"2":1,"3":1,"4":1,"5":1,"6":1},"f":{"0":1,"1":1},"b":{}}
,"/home/seyi-banjo/Codes/OnlineAuction/backend/server.ts": {"path":"/home/seyi-banjo/Codes/OnlineAuction/backend/server.ts","statementMap":{"0":{"start":{"line":2,"column":0},"end":{"line":2,"column":45}},"1":{"start":{"line":3,"column":0},"end":{"line":3,"column":33}},"2":{"start":{"line":4,"column":0},"end":{"line":4,"column":24}},"3":{"start":{"line":5,"column":0},"end":{"line":5,"column":24}},"4":{"start":{"line":6,"column":0},"end":{"line":6,"column":27}},"5":{"start":{"line":9,"column":0},"end":{"line":9,"column":47}},"6":{"start":{"line":10,"column":0},"end":{"line":10,"column":51}},"7":{"start":{"line":11,"column":0},"end":{"line":11,"column":54}},"8":{"start":{"line":12,"column":0},"end":{"line":12,"column":46}},"9":{"start":{"line":13,"column":0},"end":{"line":13,"column":59}},"10":{"start":{"line":16,"column":0},"end":{"line":16,"column":16}},"11":{"start":{"line":19,"column":0},"end":{"line":19,"column":5}},"12":{"start":{"line":22,"column":0},"end":{"line":25,"column":null}},"13":{"start":{"line":23,"column":4},"end":{"line":23,"column":null}},"14":{"start":{"line":24,"column":4},"end":{"line":24,"column":20}},"15":{"start":{"line":28,"column":21},"end":{"line":28,"column":61}},"16":{"start":{"line":31,"column":13},"end":{"line":31,"column":42}},"17":{"start":{"line":34,"column":0},"end":{"line":34,"column":35}},"18":{"start":{"line":36,"column":0},"end":{"line":36,"column":24}},"19":{"start":{"line":38,"column":0},"end":{"line":38,"column":23}},"20":{"start":{"line":40,"column":0},"end":{"line":40,"column":null}},"21":{"start":{"line":41,"column":0},"end":{"line":41,"column":null}},"22":{"start":{"line":42,"column":0},"end":{"line":42,"column":null}},"23":{"start":{"line":43,"column":0},"end":{"line":43,"column":null}},"24":{"start":{"line":44,"column":0},"end":{"line":44,"column":null}},"25":{"start":{"line":47,"column":0},"end":{"line":49,"column":null}},"26":{"start":{"line":48,"column":4},"end":{"line":48,"column":null}},"27":{"start":{"line":51,"column":0},"end":{"line":53,"column":null}},"28":{"start":{"line":52,"column":4},"end":{"line":52,"column":null}}},"fnMap":{"0":{"name":"(anonymous_7)","decl":{"start":{"line":47,"column":14},"end":{"line":47,"column":15}},"loc":{"start":{"line":47,"column":26},"end":{"line":49,"column":1}}},"1":{"name":"(anonymous_8)","decl":{"start":{"line":51,"column":17},"end":{"line":51,"column":19}},"loc":{"start":{"line":51,"column":21},"end":{"line":53,"column":1}}}},"branchMap":{"0":{"loc":{"start":{"line":22,"column":0},"end":{"line":25,"column":null}},"type":"if","locations":[{"start":{"line":22,"column":0},"end":{"line":25,"column":null}}]}},"s":{"0":1,"1":1,"2":1,"3":1,"4":1,"5":1,"6":1,"7":1,"8":1,"9":1,"10":1,"11":1,"12":1,"13":0,"14":0,"15":1,"16":1,"17":1,"18":1,"19":1,"20":1,"21":1,"22":1,"23":1,"24":1,"25":1,"26":0,"27":1,"28":1},"f":{"0":0,"1":1},"b":{"0":[0]}}
,"/home/seyi-banjo/Codes/OnlineAuction/backend/controllers/auction.ts": {"path":"/home/seyi-banjo/Codes/OnlineAuction/backend/controllers/auction.ts","statementMap":{"0":{"start":{"line":1,"column":0},"end":{"line":1,"column":58}},"1":{"start":{"line":3,"column":0},"end":{"line":3,"column":37}},"2":{"start":{"line":5,"column":0},"end":{"line":5,"column":62}},"3":{"start":{"line":9,"column":21},"end":{"line":9,"column":39}},"4":{"start":{"line":11,"column":28},"end":{"line":11,"column":67}},"5":{"start":{"line":12,"column":16},"end":{"line":12,"column":47}},"6":{"start":{"line":14,"column":0},"end":{"line":14,"column":44}},"7":{"start":{"line":16,"column":29},"end":{"line":24,"column":null}},"8":{"start":{"line":16,"column":67},"end":{"line":24,"column":null}},"9":{"start":{"line":17,"column":4},"end":{"line":22,"column":null}},"10":{"start":{"line":18,"column":24},"end":{"line":18,"column":61}},"11":{"start":{"line":19,"column":8},"end":{"line":19,"column":null}},"12":{"start":{"line":21,"column":8},"end":{"line":21,"column":null}},"13":{"start":{"line":16,"column":13},"end":{"line":16,"column":29}},"14":{"start":{"line":26,"column":26},"end":{"line":34,"column":null}},"15":{"start":{"line":26,"column":64},"end":{"line":34,"column":null}},"16":{"start":{"line":27,"column":4},"end":{"line":32,"column":null}},"17":{"start":{"line":28,"column":24},"end":{"line":28,"column":63}},"18":{"start":{"line":29,"column":8},"end":{"line":29,"column":null}},"19":{"start":{"line":31,"column":8},"end":{"line":31,"column":null}},"20":{"start":{"line":26,"column":13},"end":{"line":26,"column":26}},"21":{"start":{"line":36,"column":33},"end":{"line":44,"column":null}},"22":{"start":{"line":36,"column":71},"end":{"line":44,"column":null}},"23":{"start":{"line":37,"column":4},"end":{"line":42,"column":null}},"24":{"start":{"line":38,"column":24},"end":{"line":38,"column":70}},"25":{"start":{"line":39,"column":8},"end":{"line":39,"column":null}},"26":{"start":{"line":41,"column":8},"end":{"line":41,"column":null}},"27":{"start":{"line":36,"column":13},"end":{"line":36,"column":33}},"28":{"start":{"line":46,"column":29},"end":{"line":54,"column":null}},"29":{"start":{"line":46,"column":67},"end":{"line":54,"column":null}},"30":{"start":{"line":47,"column":4},"end":{"line":52,"column":null}},"31":{"start":{"line":48,"column":24},"end":{"line":48,"column":66}},"32":{"start":{"line":49,"column":8},"end":{"line":49,"column":null}},"33":{"start":{"line":51,"column":8},"end":{"line":51,"column":null}},"34":{"start":{"line":46,"column":13},"end":{"line":46,"column":29}},"35":{"start":{"line":56,"column":29},"end":{"line":64,"column":null}},"36":{"start":{"line":56,"column":67},"end":{"line":64,"column":null}},"37":{"start":{"line":57,"column":4},"end":{"line":62,"column":null}},"38":{"start":{"line":58,"column":24},"end":{"line":58,"column":76}},"39":{"start":{"line":59,"column":8},"end":{"line":59,"column":null}},"40":{"start":{"line":61,"column":8},"end":{"line":61,"column":null}},"41":{"start":{"line":56,"column":13},"end":{"line":56,"column":29}}},"fnMap":{"0":{"name":"(anonymous_7)","decl":{"start":{"line":16,"column":29},"end":{"line":16,"column":36}},"loc":{"start":{"line":16,"column":67},"end":{"line":24,"column":null}}},"1":{"name":"(anonymous_8)","decl":{"start":{"line":16,"column":67},"end":{"line":16,"column":null}},"loc":{"start":{"line":16,"column":67},"end":{"line":24,"column":1}}},"2":{"name":"(anonymous_9)","decl":{"start":{"line":26,"column":26},"end":{"line":26,"column":33}},"loc":{"start":{"line":26,"column":64},"end":{"line":34,"column":null}}},"3":{"name":"(anonymous_10)","decl":{"start":{"line":26,"column":64},"end":{"line":26,"column":null}},"loc":{"start":{"line":26,"column":64},"end":{"line":34,"column":1}}},"4":{"name":"(anonymous_11)","decl":{"start":{"line":36,"column":33},"end":{"line":36,"column":40}},"loc":{"start":{"line":36,"column":71},"end":{"line":44,"column":null}}},"5":{"name":"(anonymous_12)","decl":{"start":{"line":36,"column":71},"end":{"line":36,"column":null}},"loc":{"start":{"line":36,"column":71},"end":{"line":44,"column":1}}},"6":{"name":"(anonymous_13)","decl":{"start":{"line":46,"column":29},"end":{"line":46,"column":36}},"loc":{"start":{"line":46,"column":67},"end":{"line":54,"column":null}}},"7":{"name":"(anonymous_14)","decl":{"start":{"line":46,"column":67},"end":{"line":46,"column":null}},"loc":{"start":{"line":46,"column":67},"end":{"line":54,"column":1}}},"8":{"name":"(anonymous_15)","decl":{"start":{"line":56,"column":29},"end":{"line":56,"column":36}},"loc":{"start":{"line":56,"column":67},"end":{"line":64,"column":null}}},"9":{"name":"(anonymous_16)","decl":{"start":{"line":56,"column":67},"end":{"line":56,"column":null}},"loc":{"start":{"line":56,"column":67},"end":{"line":64,"column":1}}}},"branchMap":{"0":{"loc":{"start":{"line":21,"column":26},"end":{"line":21,"column":46}},"type":"cond-expr","locations":[{"start":{"line":21,"column":34},"end":{"line":21,"column":40}},{"start":{"line":21,"column":43},"end":{"line":21,"column":46}}]},"1":{"loc":{"start":{"line":31,"column":26},"end":{"line":31,"column":46}},"type":"cond-expr","locations":[{"start":{"line":31,"column":34},"end":{"line":31,"column":40}},{"start":{"line":31,"column":43},"end":{"line":31,"column":46}}]},"2":{"loc":{"start":{"line":41,"column":26},"end":{"line":41,"column":46}},"type":"cond-expr","locations":[{"start":{"line":41,"column":34},"end":{"line":41,"column":40}},{"start":{"line":41,"column":43},"end":{"line":41,"column":46}}]},"3":{"loc":{"start":{"line":51,"column":26},"end":{"line":51,"column":46}},"type":"cond-expr","locations":[{"start":{"line":51,"column":34},"end":{"line":51,"column":40}},{"start":{"line":51,"column":43},"end":{"line":51,"column":46}}]},"4":{"loc":{"start":{"line":61,"column":26},"end":{"line":61,"column":46}},"type":"cond-expr","locations":[{"start":{"line":61,"column":34},"end":{"line":61,"column":40}},{"start":{"line":61,"column":43},"end":{"line":61,"column":46}}]}},"s":{"0":1,"1":1,"2":1,"3":1,"4":1,"5":1,"6":1,"7":1,"8":0,"9":0,"10":0,"11":0,"12":0,"13":1,"14":1,"15":0,"16":0,"17":0,"18":0,"19":0,"20":1,"21":1,"22":0,"23":0,"24":0,"25":0,"26":0,"27":1,"28":1,"29":0,"30":0,"31":0,"32":0,"33":0,"34":1,"35":1,"36":0,"37":0,"38":0,"39":0,"40":0,"41":1},"f":{"0":0,"1":0,"2":0,"3":0,"4":0,"5":0,"6":0,"7":0,"8":0,"9":0},"b":{"0":[0,0],"1":[0,0],"2":[0,0],"3":[0,0],"4":[0,0]}}
,"/home/seyi-banjo/Codes/OnlineAuction/backend/controllers/auctioneer.ts": {"path":"/home/seyi-banjo/Codes/OnlineAuction/backend/controllers/auctioneer.ts","statementMap":{"0":{"start":{"line":1,"column":0},"end":{"line":1,"column":58}},"1":{"start":{"line":3,"column":0},"end":{"line":3,"column":56}},"2":{"start":{"line":5,"column":0},"end":{"line":5,"column":65}},"3":{"start":{"line":9,"column":0},"end":{"line":9,"column":35}},"4":{"start":{"line":11,"column":22},"end":{"line":11,"column":40}},"5":{"start":{"line":13,"column":16},"end":{"line":13,"column":48}},"6":{"start":{"line":15,"column":15},"end":{"line":15,"column":33}},"7":{"start":{"line":17,"column":19},"end":{"line":17,"column":42}},"8":{"start":{"line":19,"column":28},"end":{"line":26,"column":null}},"9":{"start":{"line":19,"column":66},"end":{"line":26,"column":null}},"10":{"start":{"line":20,"column":4},"end":{"line":25,"column":null}},"11":{"start":{"line":21,"column":23},"end":{"line":21,"column":58}},"12":{"start":{"line":22,"column":8},"end":{"line":22,"column":null}},"13":{"start":{"line":24,"column":8},"end":{"line":24,"column":null}},"14":{"start":{"line":19,"column":13},"end":{"line":19,"column":28}},"15":{"start":{"line":28,"column":29},"end":{"line":36,"column":null}},"16":{"start":{"line":28,"column":67},"end":{"line":36,"column":null}},"17":{"start":{"line":29,"column":4},"end":{"line":34,"column":null}},"18":{"start":{"line":30,"column":24},"end":{"line":30,"column":61}},"19":{"start":{"line":31,"column":8},"end":{"line":31,"column":null}},"20":{"start":{"line":33,"column":8},"end":{"line":33,"column":null}},"21":{"start":{"line":28,"column":13},"end":{"line":28,"column":29}},"22":{"start":{"line":38,"column":26},"end":{"line":46,"column":null}},"23":{"start":{"line":38,"column":64},"end":{"line":46,"column":null}},"24":{"start":{"line":39,"column":4},"end":{"line":44,"column":null}},"25":{"start":{"line":40,"column":24},"end":{"line":40,"column":63}},"26":{"start":{"line":41,"column":8},"end":{"line":41,"column":null}},"27":{"start":{"line":43,"column":8},"end":{"line":43,"column":null}},"28":{"start":{"line":38,"column":13},"end":{"line":38,"column":26}},"29":{"start":{"line":48,"column":29},"end":{"line":56,"column":null}},"30":{"start":{"line":48,"column":67},"end":{"line":56,"column":null}},"31":{"start":{"line":49,"column":4},"end":{"line":54,"column":null}},"32":{"start":{"line":50,"column":24},"end":{"line":50,"column":66}},"33":{"start":{"line":51,"column":8},"end":{"line":51,"column":null}},"34":{"start":{"line":53,"column":8},"end":{"line":53,"column":null}},"35":{"start":{"line":48,"column":13},"end":{"line":48,"column":29}},"36":{"start":{"line":58,"column":25},"end":{"line":66,"column":null}},"37":{"start":{"line":58,"column":63},"end":{"line":66,"column":null}},"38":{"start":{"line":59,"column":4},"end":{"line":64,"column":null}},"39":{"start":{"line":60,"column":24},"end":{"line":60,"column":76}},"40":{"start":{"line":61,"column":8},"end":{"line":61,"column":null}},"41":{"start":{"line":63,"column":8},"end":{"line":63,"column":null}},"42":{"start":{"line":58,"column":13},"end":{"line":58,"column":25}}},"fnMap":{"0":{"name":"(anonymous_7)","decl":{"start":{"line":19,"column":28},"end":{"line":19,"column":35}},"loc":{"start":{"line":19,"column":66},"end":{"line":26,"column":null}}},"1":{"name":"(anonymous_8)","decl":{"start":{"line":19,"column":66},"end":{"line":19,"column":null}},"loc":{"start":{"line":19,"column":66},"end":{"line":26,"column":1}}},"2":{"name":"(anonymous_9)","decl":{"start":{"line":28,"column":29},"end":{"line":28,"column":36}},"loc":{"start":{"line":28,"column":67},"end":{"line":36,"column":null}}},"3":{"name":"(anonymous_10)","decl":{"start":{"line":28,"column":67},"end":{"line":28,"column":null}},"loc":{"start":{"line":28,"column":67},"end":{"line":36,"column":1}}},"4":{"name":"(anonymous_11)","decl":{"start":{"line":38,"column":26},"end":{"line":38,"column":33}},"loc":{"start":{"line":38,"column":64},"end":{"line":46,"column":null}}},"5":{"name":"(anonymous_12)","decl":{"start":{"line":38,"column":64},"end":{"line":38,"column":null}},"loc":{"start":{"line":38,"column":64},"end":{"line":46,"column":1}}},"6":{"name":"(anonymous_13)","decl":{"start":{"line":48,"column":29},"end":{"line":48,"column":36}},"loc":{"start":{"line":48,"column":67},"end":{"line":56,"column":null}}},"7":{"name":"(anonymous_14)","decl":{"start":{"line":48,"column":67},"end":{"line":48,"column":null}},"loc":{"start":{"line":48,"column":67},"end":{"line":56,"column":1}}},"8":{"name":"(anonymous_15)","decl":{"start":{"line":58,"column":25},"end":{"line":58,"column":32}},"loc":{"start":{"line":58,"column":63},"end":{"line":66,"column":null}}},"9":{"name":"(anonymous_16)","decl":{"start":{"line":58,"column":63},"end":{"line":58,"column":null}},"loc":{"start":{"line":58,"column":63},"end":{"line":66,"column":1}}}},"branchMap":{"0":{"loc":{"start":{"line":24,"column":26},"end":{"line":24,"column":46}},"type":"cond-expr","locations":[{"start":{"line":24,"column":34},"end":{"line":24,"column":40}},{"start":{"line":24,"column":43},"end":{"line":24,"column":46}}]},"1":{"loc":{"start":{"line":33,"column":26},"end":{"line":33,"column":46}},"type":"cond-expr","locations":[{"start":{"line":33,"column":34},"end":{"line":33,"column":40}},{"start":{"line":33,"column":43},"end":{"line":33,"column":46}}]},"2":{"loc":{"start":{"line":43,"column":26},"end":{"line":43,"column":46}},"type":"cond-expr","locations":[{"start":{"line":43,"column":34},"end":{"line":43,"column":40}},{"start":{"line":43,"column":43},"end":{"line":43,"column":46}}]},"3":{"loc":{"start":{"line":53,"column":26},"end":{"line":53,"column":46}},"type":"cond-expr","locations":[{"start":{"line":53,"column":34},"end":{"line":53,"column":40}},{"start":{"line":53,"column":43},"end":{"line":53,"column":46}}]},"4":{"loc":{"start":{"line":63,"column":26},"end":{"line":63,"column":46}},"type":"cond-expr","locations":[{"start":{"line":63,"column":34},"end":{"line":63,"column":40}},{"start":{"line":63,"column":43},"end":{"line":63,"column":46}}]}},"s":{"0":1,"1":1,"2":1,"3":1,"4":1,"5":1,"6":1,"7":1,"8":1,"9":0,"10":0,"11":0,"12":0,"13":0,"14":1,"15":1,"16":0,"17":0,"18":0,"19":0,"20":0,"21":1,"22":1,"23":0,"24":0,"25":0,"26":0,"27":0,"28":1,"29":1,"30":0,"31":0,"32":0,"33":0,"34":0,"35":1,"36":1,"37":0,"38":0,"39":0,"40":0,"41":0,"42":1},"f":{"0":0,"1":0,"2":0,"3":0,"4":0,"5":0,"6":0,"7":0,"8":0,"9":0},"b":{"0":[0,0],"1":[0,0],"2":[0,0],"3":[0,0],"4":[0,0]}}
,"/home/seyi-banjo/Codes/OnlineAuction/backend/controllers/auth.ts": {"path":"/home/seyi-banjo/Codes/OnlineAuction/backend/controllers/auth.ts","statementMap":{"0":{"start":{"line":1,"column":0},"end":{"line":1,"column":52}},"1":{"start":{"line":3,"column":0},"end":{"line":3,"column":74}},"2":{"start":{"line":6,"column":13},"end":{"line":6,"column":30}},"3":{"start":{"line":8,"column":22},"end":{"line":19,"column":null}},"4":{"start":{"line":8,"column":60},"end":{"line":19,"column":null}},"5":{"start":{"line":9,"column":4},"end":{"line":18,"column":null}},"6":{"start":{"line":10,"column":25},"end":{"line":10,"column":49}},"7":{"start":{"line":11,"column":8},"end":{"line":13,"column":null}},"8":{"start":{"line":12,"column":12},"end":{"line":12,"column":null}},"9":{"start":{"line":14,"column":27},"end":{"line":14,"column":54}},"10":{"start":{"line":15,"column":8},"end":{"line":15,"column":null}},"11":{"start":{"line":17,"column":8},"end":{"line":17,"column":null}},"12":{"start":{"line":8,"column":13},"end":{"line":8,"column":22}},"13":{"start":{"line":21,"column":21},"end":{"line":34,"column":null}},"14":{"start":{"line":21,"column":59},"end":{"line":34,"column":null}},"15":{"start":{"line":22,"column":4},"end":{"line":33,"column":null}},"16":{"start":{"line":23,"column":25},"end":{"line":23,"column":48}},"17":{"start":{"line":24,"column":8},"end":{"line":26,"column":null}},"18":{"start":{"line":25,"column":12},"end":{"line":25,"column":null}},"19":{"start":{"line":27,"column":37},"end":{"line":27,"column":63}},"20":{"start":{"line":28,"column":8},"end":{"line":28,"column":42}},"21":{"start":{"line":29,"column":8},"end":{"line":29,"column":57}},"22":{"start":{"line":32,"column":12},"end":{"line":32,"column":null}},"23":{"start":{"line":21,"column":13},"end":{"line":21,"column":21}}},"fnMap":{"0":{"name":"(anonymous_7)","decl":{"start":{"line":8,"column":22},"end":{"line":8,"column":29}},"loc":{"start":{"line":8,"column":60},"end":{"line":19,"column":null}}},"1":{"name":"(anonymous_8)","decl":{"start":{"line":8,"column":60},"end":{"line":8,"column":null}},"loc":{"start":{"line":8,"column":60},"end":{"line":19,"column":1}}},"2":{"name":"(anonymous_9)","decl":{"start":{"line":21,"column":21},"end":{"line":21,"column":28}},"loc":{"start":{"line":21,"column":59},"end":{"line":34,"column":null}}},"3":{"name":"(anonymous_10)","decl":{"start":{"line":21,"column":59},"end":{"line":21,"column":null}},"loc":{"start":{"line":21,"column":59},"end":{"line":34,"column":1}}}},"branchMap":{"0":{"loc":{"start":{"line":11,"column":8},"end":{"line":13,"column":null}},"type":"if","locations":[{"start":{"line":11,"column":8},"end":{"line":13,"column":null}}]},"1":{"loc":{"start":{"line":17,"column":26},"end":{"line":17,"column":46}},"type":"cond-expr","locations":[{"start":{"line":17,"column":34},"end":{"line":17,"column":40}},{"start":{"line":17,"column":43},"end":{"line":17,"column":46}}]},"2":{"loc":{"start":{"line":24,"column":8},"end":{"line":26,"column":null}},"type":"if","locations":[{"start":{"line":24,"column":8},"end":{"line":26,"column":null}}]},"3":{"loc":{"start":{"line":32,"column":30},"end":{"line":32,"column":54}},"type":"cond-expr","locations":[{"start":{"line":32,"column":40},"end":{"line":32,"column":48}},{"start":{"line":32,"column":51},"end":{"line":32,"column":54}}]}},"s":{"0":1,"1":1,"2":1,"3":1,"4":0,"5":0,"6":0,"7":0,"8":0,"9":0,"10":0,"11":0,"12":1,"13":1,"14":0,"15":0,"16":0,"17":0,"18":0,"19":0,"20":0,"21":0,"22":0,"23":1},"f":{"0":0,"1":0,"2":0,"3":0},"b":{"0":[0],"1":[0,0],"2":[0],"3":[0,0]}}
,"/home/seyi-banjo/Codes/OnlineAuction/backend/controllers/bid.ts": {"path":"/home/seyi-banjo/Codes/OnlineAuction/backend/controllers/bid.ts","statementMap":{"0":{"start":{"line":3,"column":0},"end":{"line":3,"column":51}},"1":{"start":{"line":5,"column":0},"end":{"line":5,"column":37}},"2":{"start":{"line":7,"column":0},"end":{"line":7,"column":54}},"3":{"start":{"line":9,"column":21},"end":{"line":9,"column":39}},"4":{"start":{"line":11,"column":0},"end":{"line":11,"column":82}},"5":{"start":{"line":13,"column":26},"end":{"line":13,"column":61}},"6":{"start":{"line":15,"column":12},"end":{"line":15,"column":40}},"7":{"start":{"line":17,"column":0},"end":{"line":17,"column":45}},"8":{"start":{"line":19,"column":23},"end":{"line":31,"column":null}},"9":{"start":{"line":19,"column":61},"end":{"line":31,"column":null}},"10":{"start":{"line":20,"column":4},"end":{"line":29,"column":null}},"11":{"start":{"line":21,"column":24},"end":{"line":21,"column":53}},"12":{"start":{"line":22,"column":8},"end":{"line":24,"column":null}},"13":{"start":{"line":23,"column":12},"end":{"line":23,"column":null}},"14":{"start":{"line":25,"column":20},"end":{"line":25,"column":47}},"15":{"start":{"line":26,"column":8},"end":{"line":26,"column":null}},"16":{"start":{"line":28,"column":8},"end":{"line":28,"column":null}},"17":{"start":{"line":19,"column":13},"end":{"line":19,"column":23}},"18":{"start":{"line":33,"column":22},"end":{"line":41,"column":null}},"19":{"start":{"line":33,"column":60},"end":{"line":41,"column":null}},"20":{"start":{"line":34,"column":4},"end":{"line":39,"column":null}},"21":{"start":{"line":35,"column":20},"end":{"line":35,"column":51}},"22":{"start":{"line":36,"column":8},"end":{"line":36,"column":null}},"23":{"start":{"line":38,"column":8},"end":{"line":38,"column":null}},"24":{"start":{"line":33,"column":13},"end":{"line":33,"column":22}},"25":{"start":{"line":43,"column":25},"end":{"line":55,"column":null}},"26":{"start":{"line":43,"column":63},"end":{"line":55,"column":null}},"27":{"start":{"line":44,"column":4},"end":{"line":53,"column":null}},"28":{"start":{"line":45,"column":24},"end":{"line":45,"column":51}},"29":{"start":{"line":46,"column":8},"end":{"line":48,"column":null}},"30":{"start":{"line":47,"column":12},"end":{"line":47,"column":null}},"31":{"start":{"line":49,"column":20},"end":{"line":49,"column":64}},"32":{"start":{"line":50,"column":8},"end":{"line":50,"column":null}},"33":{"start":{"line":52,"column":8},"end":{"line":52,"column":null}},"34":{"start":{"line":43,"column":13},"end":{"line":43,"column":25}},"35":{"start":{"line":57,"column":25},"end":{"line":65,"column":null}},"36":{"start":{"line":57,"column":63},"end":{"line":65,"column":null}},"37":{"start":{"line":58,"column":4},"end":{"line":63,"column":null}},"38":{"start":{"line":59,"column":20},"end":{"line":59,"column":54}},"39":{"start":{"line":60,"column":8},"end":{"line":60,"column":null}},"40":{"start":{"line":62,"column":8},"end":{"line":62,"column":null}},"41":{"start":{"line":57,"column":13},"end":{"line":57,"column":25}},"42":{"start":{"line":67,"column":30},"end":{"line":75,"column":null}},"43":{"start":{"line":67,"column":68},"end":{"line":75,"column":null}},"44":{"start":{"line":68,"column":4},"end":{"line":73,"column":null}},"45":{"start":{"line":69,"column":20},"end":{"line":69,"column":64}},"46":{"start":{"line":70,"column":8},"end":{"line":70,"column":null}},"47":{"start":{"line":72,"column":8},"end":{"line":72,"column":null}},"48":{"start":{"line":67,"column":13},"end":{"line":67,"column":30}}},"fnMap":{"0":{"name":"(anonymous_7)","decl":{"start":{"line":19,"column":23},"end":{"line":19,"column":30}},"loc":{"start":{"line":19,"column":61},"end":{"line":31,"column":null}}},"1":{"name":"(anonymous_8)","decl":{"start":{"line":19,"column":61},"end":{"line":19,"column":null}},"loc":{"start":{"line":19,"column":61},"end":{"line":31,"column":1}}},"2":{"name":"(anonymous_9)","decl":{"start":{"line":33,"column":22},"end":{"line":33,"column":29}},"loc":{"start":{"line":33,"column":60},"end":{"line":41,"column":null}}},"3":{"name":"(anonymous_10)","decl":{"start":{"line":33,"column":60},"end":{"line":33,"column":null}},"loc":{"start":{"line":33,"column":60},"end":{"line":41,"column":1}}},"4":{"name":"(anonymous_11)","decl":{"start":{"line":43,"column":25},"end":{"line":43,"column":32}},"loc":{"start":{"line":43,"column":63},"end":{"line":55,"column":null}}},"5":{"name":"(anonymous_12)","decl":{"start":{"line":43,"column":63},"end":{"line":43,"column":null}},"loc":{"start":{"line":43,"column":63},"end":{"line":55,"column":1}}},"6":{"name":"(anonymous_13)","decl":{"start":{"line":57,"column":25},"end":{"line":57,"column":32}},"loc":{"start":{"line":57,"column":63},"end":{"line":65,"column":null}}},"7":{"name":"(anonymous_14)","decl":{"start":{"line":57,"column":63},"end":{"line":57,"column":null}},"loc":{"start":{"line":57,"column":63},"end":{"line":65,"column":1}}},"8":{"name":"(anonymous_15)","decl":{"start":{"line":67,"column":30},"end":{"line":67,"column":37}},"loc":{"start":{"line":67,"column":68},"end":{"line":75,"column":null}}},"9":{"name":"(anonymous_16)","decl":{"start":{"line":67,"column":68},"end":{"line":67,"column":null}},"loc":{"start":{"line":67,"column":68},"end":{"line":75,"column":1}}}},"branchMap":{"0":{"loc":{"start":{"line":22,"column":8},"end":{"line":24,"column":null}},"type":"if","locations":[{"start":{"line":22,"column":8},"end":{"line":24,"column":null}}]},"1":{"loc":{"start":{"line":28,"column":26},"end":{"line":28,"column":46}},"type":"cond-expr","locations":[{"start":{"line":28,"column":34},"end":{"line":28,"column":40}},{"start":{"line":28,"column":43},"end":{"line":28,"column":46}}]},"2":{"loc":{"start":{"line":38,"column":26},"end":{"line":38,"column":46}},"type":"cond-expr","locations":[{"start":{"line":38,"column":34},"end":{"line":38,"column":40}},{"start":{"line":38,"column":43},"end":{"line":38,"column":46}}]},"3":{"loc":{"start":{"line":46,"column":8},"end":{"line":48,"column":null}},"type":"if","locations":[{"start":{"line":46,"column":8},"end":{"line":48,"column":null}}]},"4":{"loc":{"start":{"line":52,"column":26},"end":{"line":52,"column":46}},"type":"cond-expr","locations":[{"start":{"line":52,"column":34},"end":{"line":52,"column":40}},{"start":{"line":52,"column":43},"end":{"line":52,"column":46}}]},"5":{"loc":{"start":{"line":62,"column":26},"end":{"line":62,"column":46}},"type":"cond-expr","locations":[{"start":{"line":62,"column":34},"end":{"line":62,"column":40}},{"start":{"line":62,"column":43},"end":{"line":62,"column":46}}]},"6":{"loc":{"start":{"line":72,"column":26},"end":{"line":72,"column":46}},"type":"cond-expr","locations":[{"start":{"line":72,"column":34},"end":{"line":72,"column":40}},{"start":{"line":72,"column":43},"end":{"line":72,"column":46}}]}},"s":{"0":1,"1":1,"2":1,"3":1,"4":1,"5":1,"6":1,"7":1,"8":1,"9":0,"10":0,"11":0,"12":0,"13":0,"14":0,"15":0,"16":0,"17":1,"18":1,"19":0,"20":0,"21":0,"22":0,"23":0,"24":1,"25":1,"26":0,"27":0,"28":0,"29":0,"30":0,"31":0,"32":0,"33":0,"34":1,"35":1,"36":0,"37":0,"38":0,"39":0,"40":0,"41":1,"42":1,"43":0,"44":0,"45":0,"46":0,"47":0,"48":1},"f":{"0":0,"1":0,"2":0,"3":0,"4":0,"5":0,"6":0,"7":0,"8":0,"9":0},"b":{"0":[0],"1":[0,0],"2":[0,0],"3":[0],"4":[0,0],"5":[0,0],"6":[0,0]}}
,"/home/seyi-banjo/Codes/OnlineAuction/backend/controllers/market.ts": {"path":"/home/seyi-banjo/Codes/OnlineAuction/backend/controllers/market.ts","statementMap":{"0":{"start":{"line":1,"column":0},"end":{"line":1,"column":56}},"1":{"start":{"line":5,"column":15},"end":{"line":5,"column":33}},"2":{"start":{"line":7,"column":28},"end":{"line":15,"column":null}},"3":{"start":{"line":7,"column":66},"end":{"line":15,"column":null}},"4":{"start":{"line":8,"column":4},"end":{"line":14,"column":null}},"5":{"start":{"line":9,"column":23},"end":{"line":9,"column":58}},"6":{"start":{"line":11,"column":8},"end":{"line":11,"column":null}},"7":{"start":{"line":13,"column":8},"end":{"line":13,"column":null}},"8":{"start":{"line":7,"column":13},"end":{"line":7,"column":28}},"9":{"start":{"line":17,"column":28},"end":{"line":24,"column":null}},"10":{"start":{"line":17,"column":66},"end":{"line":24,"column":null}},"11":{"start":{"line":18,"column":4},"end":{"line":23,"column":null}},"12":{"start":{"line":19,"column":23},"end":{"line":19,"column":73}},"13":{"start":{"line":20,"column":8},"end":{"line":20,"column":null}},"14":{"start":{"line":22,"column":8},"end":{"line":22,"column":null}},"15":{"start":{"line":17,"column":13},"end":{"line":17,"column":28}},"16":{"start":{"line":26,"column":29},"end":{"line":33,"column":null}},"17":{"start":{"line":26,"column":67},"end":{"line":33,"column":null}},"18":{"start":{"line":27,"column":4},"end":{"line":32,"column":null}},"19":{"start":{"line":28,"column":23},"end":{"line":28,"column":51}},"20":{"start":{"line":29,"column":8},"end":{"line":29,"column":null}},"21":{"start":{"line":31,"column":8},"end":{"line":31,"column":null}},"22":{"start":{"line":26,"column":13},"end":{"line":26,"column":29}},"23":{"start":{"line":36,"column":35},"end":{"line":43,"column":null}},"24":{"start":{"line":36,"column":73},"end":{"line":43,"column":null}},"25":{"start":{"line":37,"column":4},"end":{"line":42,"column":null}},"26":{"start":{"line":38,"column":23},"end":{"line":38,"column":70}},"27":{"start":{"line":39,"column":8},"end":{"line":39,"column":null}},"28":{"start":{"line":41,"column":8},"end":{"line":41,"column":null}},"29":{"start":{"line":36,"column":13},"end":{"line":36,"column":35}},"30":{"start":{"line":45,"column":25},"end":{"line":52,"column":null}},"31":{"start":{"line":45,"column":63},"end":{"line":52,"column":null}},"32":{"start":{"line":46,"column":4},"end":{"line":51,"column":null}},"33":{"start":{"line":47,"column":23},"end":{"line":47,"column":60}},"34":{"start":{"line":48,"column":8},"end":{"line":48,"column":null}},"35":{"start":{"line":50,"column":8},"end":{"line":50,"column":null}},"36":{"start":{"line":45,"column":13},"end":{"line":45,"column":25}},"37":{"start":{"line":55,"column":28},"end":{"line":63,"column":null}},"38":{"start":{"line":55,"column":66},"end":{"line":63,"column":null}},"39":{"start":{"line":56,"column":4},"end":{"line":62,"column":null}},"40":{"start":{"line":57,"column":8},"end":{"line":57,"column":44}},"41":{"start":{"line":58,"column":8},"end":{"line":58,"column":67}},"42":{"start":{"line":61,"column":12},"end":{"line":61,"column":null}},"43":{"start":{"line":55,"column":13},"end":{"line":55,"column":28}}},"fnMap":{"0":{"name":"(anonymous_7)","decl":{"start":{"line":7,"column":28},"end":{"line":7,"column":35}},"loc":{"start":{"line":7,"column":66},"end":{"line":15,"column":null}}},"1":{"name":"(anonymous_8)","decl":{"start":{"line":7,"column":66},"end":{"line":7,"column":null}},"loc":{"start":{"line":7,"column":66},"end":{"line":15,"column":1}}},"2":{"name":"(anonymous_9)","decl":{"start":{"line":17,"column":28},"end":{"line":17,"column":35}},"loc":{"start":{"line":17,"column":66},"end":{"line":24,"column":null}}},"3":{"name":"(anonymous_10)","decl":{"start":{"line":17,"column":66},"end":{"line":17,"column":null}},"loc":{"start":{"line":17,"column":66},"end":{"line":24,"column":1}}},"4":{"name":"(anonymous_11)","decl":{"start":{"line":26,"column":29},"end":{"line":26,"column":36}},"loc":{"start":{"line":26,"column":67},"end":{"line":33,"column":null}}},"5":{"name":"(anonymous_12)","decl":{"start":{"line":26,"column":67},"end":{"line":26,"column":null}},"loc":{"start":{"line":26,"column":67},"end":{"line":33,"column":1}}},"6":{"name":"(anonymous_13)","decl":{"start":{"line":36,"column":35},"end":{"line":36,"column":42}},"loc":{"start":{"line":36,"column":73},"end":{"line":43,"column":null}}},"7":{"name":"(anonymous_14)","decl":{"start":{"line":36,"column":73},"end":{"line":36,"column":null}},"loc":{"start":{"line":36,"column":73},"end":{"line":43,"column":1}}},"8":{"name":"(anonymous_15)","decl":{"start":{"line":45,"column":25},"end":{"line":45,"column":32}},"loc":{"start":{"line":45,"column":63},"end":{"line":52,"column":null}}},"9":{"name":"(anonymous_16)","decl":{"start":{"line":45,"column":63},"end":{"line":45,"column":null}},"loc":{"start":{"line":45,"column":63},"end":{"line":52,"column":1}}},"10":{"name":"(anonymous_17)","decl":{"start":{"line":55,"column":28},"end":{"line":55,"column":35}},"loc":{"start":{"line":55,"column":66},"end":{"line":63,"column":null}}},"11":{"name":"(anonymous_18)","decl":{"start":{"line":55,"column":66},"end":{"line":55,"column":null}},"loc":{"start":{"line":55,"column":66},"end":{"line":63,"column":1}}}},"branchMap":{"0":{"loc":{"start":{"line":13,"column":26},"end":{"line":13,"column":46}},"type":"cond-expr","locations":[{"start":{"line":13,"column":34},"end":{"line":13,"column":40}},{"start":{"line":13,"column":43},"end":{"line":13,"column":46}}]},"1":{"loc":{"start":{"line":22,"column":26},"end":{"line":22,"column":46}},"type":"cond-expr","locations":[{"start":{"line":22,"column":34},"end":{"line":22,"column":40}},{"start":{"line":22,"column":43},"end":{"line":22,"column":46}}]},"2":{"loc":{"start":{"line":31,"column":26},"end":{"line":31,"column":46}},"type":"cond-expr","locations":[{"start":{"line":31,"column":34},"end":{"line":31,"column":40}},{"start":{"line":31,"column":43},"end":{"line":31,"column":46}}]},"3":{"loc":{"start":{"line":41,"column":26},"end":{"line":41,"column":46}},"type":"cond-expr","locations":[{"start":{"line":41,"column":34},"end":{"line":41,"column":40}},{"start":{"line":41,"column":43},"end":{"line":41,"column":46}}]},"4":{"loc":{"start":{"line":50,"column":26},"end":{"line":50,"column":46}},"type":"cond-expr","locations":[{"start":{"line":50,"column":34},"end":{"line":50,"column":40}},{"start":{"line":50,"column":43},"end":{"line":50,"column":46}}]},"5":{"loc":{"start":{"line":61,"column":30},"end":{"line":61,"column":54}},"type":"cond-expr","locations":[{"start":{"line":61,"column":40},"end":{"line":61,"column":48}},{"start":{"line":61,"column":51},"end":{"line":61,"column":54}}]}},"s":{"0":1,"1":1,"2":1,"3":0,"4":0,"5":0,"6":0,"7":0,"8":1,"9":1,"10":0,"11":0,"12":0,"13":0,"14":0,"15":1,"16":1,"17":0,"18":0,"19":0,"20":0,"21":0,"22":1,"23":1,"24":0,"25":0,"26":0,"27":0,"28":0,"29":1,"30":1,"31":0,"32":0,"33":0,"34":0,"35":0,"36":1,"37":1,"38":0,"39":0,"40":0,"41":0,"42":0,"43":1},"f":{"0":0,"1":0,"2":0,"3":0,"4":0,"5":0,"6":0,"7":0,"8":0,"9":0,"10":0,"11":0},"b":{"0":[0,0],"1":[0,0],"2":[0,0],"3":[0,0],"4":[0,0],"5":[0,0]}}
,"/home/seyi-banjo/Codes/OnlineAuction/backend/events/auction.events.ts": {"path":"/home/seyi-banjo/Codes/OnlineAuction/backend/events/auction.events.ts","statementMap":{"0":{"start":{"line":1,"column":0},"end":{"line":1,"column":45}},"1":{"start":{"line":13,"column":8},"end":{"line":13,"column":41}},"2":{"start":{"line":17,"column":8},"end":{"line":17,"column":null}},"3":{"start":{"line":18,"column":8},"end":{"line":25,"column":11}},"4":{"start":{"line":18,"column":65},"end":{"line":25,"column":10}},"5":{"start":{"line":19,"column":12},"end":{"line":24,"column":null}},"6":{"start":{"line":20,"column":16},"end":{"line":20,"column":67}},"7":{"start":{"line":23,"column":16},"end":{"line":23,"column":null}},"8":{"start":{"line":27,"column":8},"end":{"line":34,"column":11}},"9":{"start":{"line":27,"column":65},"end":{"line":34,"column":10}},"10":{"start":{"line":28,"column":12},"end":{"line":33,"column":null}},"11":{"start":{"line":29,"column":16},"end":{"line":29,"column":67}},"12":{"start":{"line":32,"column":16},"end":{"line":32,"column":null}},"13":{"start":{"line":40,"column":23},"end":{"line":40,"column":48}},"14":{"start":{"line":41,"column":28},"end":{"line":41,"column":57}},"15":{"start":{"line":43,"column":46},"end":{"line":43,"column":48}},"16":{"start":{"line":44,"column":8},"end":{"line":44,"column":null}},"17":{"start":{"line":44,"column":40},"end":{"line":44,"column":65}},"18":{"start":{"line":45,"column":8},"end":{"line":45,"column":null}},"19":{"start":{"line":47,"column":8},"end":{"line":47,"column":null}},"20":{"start":{"line":52,"column":23},"end":{"line":52,"column":48}},"21":{"start":{"line":53,"column":28},"end":{"line":53,"column":57}},"22":{"start":{"line":55,"column":44},"end":{"line":55,"column":95}},"23":{"start":{"line":55,"column":82},"end":{"line":55,"column":94}},"24":{"start":{"line":56,"column":8},"end":{"line":58,"column":null}},"25":{"start":{"line":57,"column":12},"end":{"line":57,"column":null}},"26":{"start":{"line":61,"column":8},"end":{"line":61,"column":null}},"27":{"start":{"line":63,"column":8},"end":{"line":63,"column":null}},"28":{"start":{"line":8,"column":0},"end":{"line":8,"column":13}}},"fnMap":{"0":{"name":"(anonymous_7)","decl":{"start":{"line":12,"column":4},"end":{"line":12,"column":16}},"loc":{"start":{"line":12,"column":42},"end":{"line":14,"column":5}}},"1":{"name":"(anonymous_8)","decl":{"start":{"line":16,"column":4},"end":{"line":16,"column":25}},"loc":{"start":{"line":16,"column":25},"end":{"line":36,"column":5}}},"2":{"name":"(anonymous_9)","decl":{"start":{"line":18,"column":47},"end":{"line":18,"column":54}},"loc":{"start":{"line":18,"column":65},"end":{"line":25,"column":10}}},"3":{"name":"(anonymous_10)","decl":{"start":{"line":18,"column":65},"end":{"line":18,"column":null}},"loc":{"start":{"line":18,"column":65},"end":{"line":25,"column":9}}},"4":{"name":"(anonymous_11)","decl":{"start":{"line":27,"column":47},"end":{"line":27,"column":54}},"loc":{"start":{"line":27,"column":65},"end":{"line":34,"column":10}}},"5":{"name":"(anonymous_12)","decl":{"start":{"line":27,"column":65},"end":{"line":27,"column":null}},"loc":{"start":{"line":27,"column":65},"end":{"line":34,"column":9}}},"6":{"name":"(anonymous_13)","decl":{"start":{"line":38,"column":18},"end":{"line":38,"column":48}},"loc":{"start":{"line":38,"column":70},"end":{"line":49,"column":null}}},"7":{"name":"(anonymous_15)","decl":{"start":{"line":44,"column":35},"end":{"line":44,"column":36}},"loc":{"start":{"line":44,"column":40},"end":{"line":44,"column":65}}},"8":{"name":"(anonymous_16)","decl":{"start":{"line":51,"column":18},"end":{"line":51,"column":48}},"loc":{"start":{"line":51,"column":69},"end":{"line":64,"column":null}}},"9":{"name":"(anonymous_18)","decl":{"start":{"line":55,"column":77},"end":{"line":55,"column":78}},"loc":{"start":{"line":55,"column":82},"end":{"line":55,"column":94}}}},"branchMap":{"0":{"loc":{"start":{"line":44,"column":8},"end":{"line":44,"column":66}},"type":"cond-expr","locations":[{"start":{"line":44,"column":21},"end":{"line":44,"column":23}},{"start":{"line":44,"column":8},"end":{"line":44,"column":66}}]},"1":{"loc":{"start":{"line":44,"column":8},"end":{"line":44,"column":23}},"type":"binary-expr","locations":[{"start":{"line":44,"column":8},"end":{"line":44,"column":23}},{"start":{"line":44,"column":8},"end":{"line":44,"column":23}}]},"2":{"loc":{"start":{"line":55,"column":44},"end":{"line":55,"column":95}},"type":"cond-expr","locations":[{"start":{"line":55,"column":57},"end":{"line":55,"column":59}},{"start":{"line":55,"column":44},"end":{"line":55,"column":95}}]},"3":{"loc":{"start":{"line":55,"column":44},"end":{"line":55,"column":59}},"type":"binary-expr","locations":[{"start":{"line":55,"column":44},"end":{"line":55,"column":59}},{"start":{"line":55,"column":44},"end":{"line":55,"column":59}}]},"4":{"loc":{"start":{"line":56,"column":8},"end":{"line":58,"column":null}},"type":"if","locations":[{"start":{"line":56,"column":8},"end":{"line":58,"column":null}}]},"5":{"loc":{"start":{"line":57,"column":12},"end":{"line":57,"column":54}},"type":"cond-expr","locations":[{"start":{"line":57,"column":25},"end":{"line":57,"column":27}},{"start":{"line":57,"column":12},"end":{"line":57,"column":54}}]},"6":{"loc":{"start":{"line":57,"column":12},"end":{"line":57,"column":27}},"type":"binary-expr","locations":[{"start":{"line":57,"column":12},"end":{"line":57,"column":27}},{"start":{"line":57,"column":12},"end":{"line":57,"column":27}}]},"7":{"loc":{"start":{"line":61,"column":57},"end":{"line":61,"column":79}},"type":"cond-expr","locations":[{"start":{"line":61,"column":70},"end":{"line":61,"column":72}},{"start":{"line":61,"column":57},"end":{"line":61,"column":79}}]},"8":{"loc":{"start":{"line":61,"column":57},"end":{"line":61,"column":72}},"type":"binary-expr","locations":[{"start":{"line":61,"column":57},"end":{"line":61,"column":72}},{"start":{"line":61,"column":57},"end":{"line":61,"column":72}}]}},"s":{"0":1,"1":1,"2":1,"3":1,"4":0,"5":0,"6":0,"7":0,"8":1,"9":0,"10":0,"11":0,"12":0,"13":0,"14":0,"15":0,"16":0,"17":0,"18":0,"19":0,"20":0,"21":0,"22":0,"23":0,"24":0,"25":0,"26":0,"27":0,"28":1},"f":{"0":1,"1":1,"2":0,"3":0,"4":0,"5":0,"6":0,"7":0,"8":0,"9":0},"b":{"0":[0,0],"1":[0,0],"2":[0,0],"3":[0,0],"4":[0],"5":[0,0],"6":[0,0],"7":[0,0],"8":[0,0]}}
,"/home/seyi-banjo/Codes/OnlineAuction/backend/events/bid.events.ts": {"path":"/home/seyi-banjo/Codes/OnlineAuction/backend/events/bid.events.ts","statementMap":{"0":{"start":{"line":1,"column":0},"end":{"line":1,"column":47}},"1":{"start":{"line":14,"column":8},"end":{"line":14,"column":41}},"2":{"start":{"line":18,"column":8},"end":{"line":18,"column":null}},"3":{"start":{"line":19,"column":8},"end":{"line":26,"column":11}},"4":{"start":{"line":19,"column":57},"end":{"line":26,"column":10}},"5":{"start":{"line":20,"column":12},"end":{"line":25,"column":null}},"6":{"start":{"line":21,"column":16},"end":{"line":21,"column":60}},"7":{"start":{"line":24,"column":16},"end":{"line":24,"column":null}},"8":{"start":{"line":31,"column":24},"end":{"line":31,"column":48}},"9":{"start":{"line":32,"column":25},"end":{"line":32,"column":56}},"10":{"start":{"line":34,"column":43},"end":{"line":34,"column":45}},"11":{"start":{"line":35,"column":8},"end":{"line":35,"column":null}},"12":{"start":{"line":35,"column":34},"end":{"line":35,"column":53}},"13":{"start":{"line":36,"column":8},"end":{"line":36,"column":null}},"14":{"start":{"line":38,"column":8},"end":{"line":38,"column":null}},"15":{"start":{"line":9,"column":0},"end":{"line":9,"column":13}}},"fnMap":{"0":{"name":"(anonymous_7)","decl":{"start":{"line":13,"column":4},"end":{"line":13,"column":16}},"loc":{"start":{"line":13,"column":42},"end":{"line":15,"column":5}}},"1":{"name":"(anonymous_8)","decl":{"start":{"line":17,"column":4},"end":{"line":17,"column":28}},"loc":{"start":{"line":17,"column":28},"end":{"line":27,"column":5}}},"2":{"name":"(anonymous_9)","decl":{"start":{"line":19,"column":43},"end":{"line":19,"column":50}},"loc":{"start":{"line":19,"column":57},"end":{"line":26,"column":10}}},"3":{"name":"(anonymous_10)","decl":{"start":{"line":19,"column":57},"end":{"line":19,"column":null}},"loc":{"start":{"line":19,"column":57},"end":{"line":26,"column":9}}},"4":{"name":"(anonymous_11)","decl":{"start":{"line":29,"column":18},"end":{"line":29,"column":45}},"loc":{"start":{"line":29,"column":60},"end":{"line":40,"column":null}}},"5":{"name":"(anonymous_13)","decl":{"start":{"line":35,"column":29},"end":{"line":35,"column":30}},"loc":{"start":{"line":35,"column":34},"end":{"line":35,"column":53}}}},"branchMap":{"0":{"loc":{"start":{"line":35,"column":8},"end":{"line":35,"column":54}},"type":"cond-expr","locations":[{"start":{"line":35,"column":18},"end":{"line":35,"column":20}},{"start":{"line":35,"column":8},"end":{"line":35,"column":54}}]},"1":{"loc":{"start":{"line":35,"column":8},"end":{"line":35,"column":20}},"type":"binary-expr","locations":[{"start":{"line":35,"column":8},"end":{"line":35,"column":20}},{"start":{"line":35,"column":8},"end":{"line":35,"column":20}}]}},"s":{"0":1,"1":1,"2":1,"3":1,"4":0,"5":0,"6":0,"7":0,"8":0,"9":0,"10":0,"11":0,"12":0,"13":0,"14":0,"15":1},"f":{"0":1,"1":1,"2":0,"3":0,"4":0,"5":0},"b":{"0":[0,0],"1":[0,0]}}
,"/home/seyi-banjo/Codes/OnlineAuction/backend/models/auction.model.ts": {"path":"/home/seyi-banjo/Codes/OnlineAuction/backend/models/auction.model.ts","statementMap":{"0":{"start":{"line":3,"column":0},"end":{"line":3,"column":46}},"1":{"start":{"line":24,"column":22},"end":{"line":43,"column":2}},"2":{"start":{"line":45,"column":0},"end":{"line":65,"column":5}},"3":{"start":{"line":47,"column":4},"end":{"line":62,"column":null}},"4":{"start":{"line":48,"column":33},"end":{"line":48,"column":37}},"5":{"start":{"line":49,"column":6},"end":{"line":49,"column":null}},"6":{"start":{"line":50,"column":37},"end":{"line":50,"column":55}},"7":{"start":{"line":53,"column":41},"end":{"line":53,"column":73}},"8":{"start":{"line":56,"column":6},"end":{"line":56,"column":null}},"9":{"start":{"line":57,"column":22},"end":{"line":57,"column":71}},"10":{"start":{"line":58,"column":6},"end":{"line":58,"column":29}},"11":{"start":{"line":59,"column":6},"end":{"line":59,"column":23}},"12":{"start":{"line":61,"column":6},"end":{"line":61,"column":null}},"13":{"start":{"line":64,"column":4},"end":{"line":64,"column":11}},"14":{"start":{"line":69,"column":13},"end":{"line":69,"column":null}}},"fnMap":{"0":{"name":"(anonymous_0)","decl":{"start":{"line":45,"column":26},"end":{"line":45,"column":36}},"loc":{"start":{"line":45,"column":40},"end":{"line":65,"column":3}}}},"branchMap":{"0":{"loc":{"start":{"line":47,"column":4},"end":{"line":62,"column":null}},"type":"if","locations":[{"start":{"line":47,"column":4},"end":{"line":62,"column":null}}]},"1":{"loc":{"start":{"line":47,"column":8},"end":{"line":47,"column":42}},"type":"binary-expr","locations":[{"start":{"line":47,"column":8},"end":{"line":47,"column":21}},{"start":{"line":47,"column":25},"end":{"line":47,"column":42}}]}},"s":{"0":1,"1":1,"2":1,"3":0,"4":0,"5":0,"6":0,"7":0,"8":0,"9":0,"10":0,"11":0,"12":0,"13":0,"14":1},"f":{"0":0},"b":{"0":[0],"1":[0,0]}}
,"/home/seyi-banjo/Codes/OnlineAuction/backend/models/auctionner.model.ts": {"path":"/home/seyi-banjo/Codes/OnlineAuction/backend/models/auctionner.model.ts","statementMap":{"0":{"start":{"line":1,"column":0},"end":{"line":1,"column":46}},"1":{"start":{"line":3,"column":0},"end":{"line":3,"column":28}},"2":{"start":{"line":4,"column":0},"end":{"line":4,"column":31}},"3":{"start":{"line":29,"column":25},"end":{"line":40,"column":2}},"4":{"start":{"line":44,"column":0},"end":{"line":51,"column":3}},"5":{"start":{"line":45,"column":4},"end":{"line":47,"column":null}},"6":{"start":{"line":46,"column":8},"end":{"line":46,"column":15}},"7":{"start":{"line":48,"column":17},"end":{"line":48,"column":41}},"8":{"start":{"line":49,"column":4},"end":{"line":49,"column":59}},"9":{"start":{"line":54,"column":0},"end":{"line":58,"column":null}},"10":{"start":{"line":55,"column":4},"end":{"line":57,"column":null}},"11":{"start":{"line":61,"column":0},"end":{"line":63,"column":null}},"12":{"start":{"line":62,"column":4},"end":{"line":62,"column":64}},"13":{"start":{"line":67,"column":13},"end":{"line":67,"column":null}}},"fnMap":{"0":{"name":"(anonymous_8)","decl":{"start":{"line":44,"column":29},"end":{"line":44,"column":44}},"loc":{"start":{"line":44,"column":48},"end":{"line":51,"column":2}}},"1":{"name":"(anonymous_10)","decl":{"start":{"line":54,"column":45},"end":{"line":54,"column":null}},"loc":{"start":{"line":54,"column":45},"end":{"line":58,"column":1}}},"2":{"name":"(anonymous_11)","decl":{"start":{"line":61,"column":41},"end":{"line":61,"column":56}},"loc":{"start":{"line":61,"column":79},"end":{"line":63,"column":null}}}},"branchMap":{"0":{"loc":{"start":{"line":45,"column":4},"end":{"line":47,"column":null}},"type":"if","locations":[{"start":{"line":45,"column":4},"end":{"line":47,"column":null}}]}},"s":{"0":1,"1":1,"2":1,"3":1,"4":1,"5":0,"6":0,"7":0,"8":0,"9":1,"10":0,"11":1,"12":0,"13":1},"f":{"0":0,"1":0,"2":0},"b":{"0":[0]}}
,"/home/seyi-banjo/Codes/OnlineAuction/backend/models/bid.model.ts": {"path":"/home/seyi-banjo/Codes/OnlineAuction/backend/models/bid.model.ts","statementMap":{"0":{"start":{"line":1,"column":0},"end":{"line":1,"column":46}},"1":{"start":{"line":14,"column":18},"end":{"line":25,"column":2}},"2":{"start":{"line":27,"column":13},"end":{"line":27,"column":null}}},"fnMap":{},"branchMap":{},"s":{"0":1,"1":1,"2":1},"f":{},"b":{}}
,"/home/seyi-banjo/Codes/OnlineAuction/backend/models/market.model.ts": {"path":"/home/seyi-banjo/Codes/OnlineAuction/backend/models/market.model.ts","statementMap":{"0":{"start":{"line":2,"column":0},"end":{"line":2,"column":39}},"1":{"start":{"line":14,"column":21},"end":{"line":23,"column":2}},"2":{"start":{"line":25,"column":13},"end":{"line":25,"column":null}}},"fnMap":{},"branchMap":{},"s":{"0":1,"1":1,"2":1},"f":{},"b":{}}
,"/home/seyi-banjo/Codes/OnlineAuction/backend/routes/auctioneer.routes.ts": {"path":"/home/seyi-banjo/Codes/OnlineAuction/backend/routes/auctioneer.routes.ts","statementMap":{"0":{"start":{"line":1,"column":0},"end":{"line":1,"column":29}},"1":{"start":{"line":3,"column":0},"end":{"line":3,"column":52}},"2":{"start":{"line":5,"column":13},"end":{"line":5,"column":49}},"3":{"start":{"line":7,"column":0},"end":{"line":9,"column":null}},"4":{"start":{"line":12,"column":0},"end":{"line":15,"column":null}}},"fnMap":{},"branchMap":{},"s":{"0":1,"1":1,"2":1,"3":1,"4":1},"f":{},"b":{}}
,"/home/seyi-banjo/Codes/OnlineAuction/backend/routes/auctions.routes.ts": {"path":"/home/seyi-banjo/Codes/OnlineAuction/backend/routes/auctions.routes.ts","statementMap":{"0":{"start":{"line":1,"column":0},"end":{"line":1,"column":29}},"1":{"start":{"line":3,"column":0},"end":{"line":3,"column":115}},"2":{"start":{"line":5,"column":13},"end":{"line":5,"column":46}},"3":{"start":{"line":7,"column":0},"end":{"line":7,"column":44}},"4":{"start":{"line":9,"column":0},"end":{"line":10,"column":null}},"5":{"start":{"line":13,"column":0},"end":{"line":16,"column":null}},"6":{"start":{"line":19,"column":0},"end":{"line":20,"column":null}},"7":{"start":{"line":22,"column":0},"end":{"line":22,"column":null}}},"fnMap":{},"branchMap":{},"s":{"0":1,"1":1,"2":1,"3":1,"4":1,"5":1,"6":1,"7":1},"f":{},"b":{}}
,"/home/seyi-banjo/Codes/OnlineAuction/backend/routes/auth.routes.ts": {"path":"/home/seyi-banjo/Codes/OnlineAuction/backend/routes/auth.routes.ts","statementMap":{"0":{"start":{"line":1,"column":0},"end":{"line":1,"column":30}},"1":{"start":{"line":2,"column":0},"end":{"line":2,"column":50}},"2":{"start":{"line":4,"column":13},"end":{"line":4,"column":43}},"3":{"start":{"line":6,"column":0},"end":{"line":6,"column":33}},"4":{"start":{"line":7,"column":0},"end":{"line":7,"column":35}}},"fnMap":{},"branchMap":{},"s":{"0":1,"1":1,"2":1,"3":1,"4":1},"f":{},"b":{}}
,"/home/seyi-banjo/Codes/OnlineAuction/backend/routes/bids.routes.ts": {"path":"/home/seyi-banjo/Codes/OnlineAuction/backend/routes/bids.routes.ts","statementMap":{"0":{"start":{"line":1,"column":0},"end":{"line":1,"column":30}},"1":{"start":{"line":2,"column":0},"end":{"line":2,"column":89}},"2":{"start":{"line":4,"column":13},"end":{"line":4,"column":42}},"3":{"start":{"line":6,"column":0},"end":{"line":7,"column":null}},"4":{"start":{"line":9,"column":0},"end":{"line":12,"column":null}},"5":{"start":{"line":14,"column":0},"end":{"line":14,"column":null}}},"fnMap":{},"branchMap":{},"s":{"0":1,"1":1,"2":1,"3":1,"4":1,"5":1},"f":{},"b":{}}
,"/home/seyi-banjo/Codes/OnlineAuction/backend/routes/market.routes.ts": {"path":"/home/seyi-banjo/Codes/OnlineAuction/backend/routes/market.routes.ts","statementMap":{"0":{"start":{"line":1,"column":0},"end":{"line":1,"column":29}},"1":{"start":{"line":3,"column":0},"end":{"line":3,"column":127}},"2":{"start":{"line":5,"column":13},"end":{"line":5,"column":45}},"3":{"start":{"line":7,"column":0},"end":{"line":9,"column":null}},"4":{"start":{"line":12,"column":0},"end":{"line":15,"column":null}},"5":{"start":{"line":17,"column":0},"end":{"line":18,"column":null}}},"fnMap":{},"branchMap":{},"s":{"0":1,"1":1,"2":1,"3":1,"4":1,"5":1},"f":{},"b":{}}
,"/home/seyi-banjo/Codes/OnlineAuction/backend/services/auction.service.ts": {"path":"/home/seyi-banjo/Codes/OnlineAuction/backend/services/auction.service.ts","statementMap":{"0":{"start":{"line":1,"column":0},"end":{"line":1,"column":60}},"1":{"start":{"line":3,"column":0},"end":{"line":3,"column":35}},"2":{"start":{"line":5,"column":13},"end":{"line":5,"column":48}},"3":{"start":{"line":12,"column":8},"end":{"line":12,"column":null}},"4":{"start":{"line":16,"column":8},"end":{"line":33,"column":null}},"5":{"start":{"line":16,"column":76},"end":{"line":33,"column":10}},"6":{"start":{"line":17,"column":12},"end":{"line":31,"column":null}},"7":{"start":{"line":18,"column":45},"end":{"line":18,"column":71}},"8":{"start":{"line":20,"column":16},"end":{"line":20,"column":66}},"9":{"start":{"line":22,"column":16},"end":{"line":22,"column":null}},"10":{"start":{"line":25,"column":16},"end":{"line":27,"column":null}},"11":{"start":{"line":26,"column":20},"end":{"line":26,"column":null}},"12":{"start":{"line":29,"column":16},"end":{"line":29,"column":52}},"13":{"start":{"line":30,"column":16},"end":{"line":30,"column":null}},"14":{"start":{"line":37,"column":8},"end":{"line":58,"column":null}},"15":{"start":{"line":37,"column":82},"end":{"line":58,"column":10}},"16":{"start":{"line":38,"column":12},"end":{"line":56,"column":null}},"17":{"start":{"line":39,"column":52},"end":{"line":45,"column":19}},"18":{"start":{"line":47,"column":16},"end":{"line":47,"column":null}},"19":{"start":{"line":50,"column":16},"end":{"line":52,"column":null}},"20":{"start":{"line":51,"column":20},"end":{"line":51,"column":null}},"21":{"start":{"line":54,"column":16},"end":{"line":54,"column":49}},"22":{"start":{"line":55,"column":16},"end":{"line":55,"column":null}},"23":{"start":{"line":62,"column":8},"end":{"line":80,"column":null}},"24":{"start":{"line":62,"column":84},"end":{"line":80,"column":10}},"25":{"start":{"line":63,"column":12},"end":{"line":78,"column":null}},"26":{"start":{"line":64,"column":54},"end":{"line":67,"column":18}},"27":{"start":{"line":69,"column":16},"end":{"line":69,"column":null}},"28":{"start":{"line":72,"column":16},"end":{"line":74,"column":null}},"29":{"start":{"line":73,"column":20},"end":{"line":73,"column":null}},"30":{"start":{"line":76,"column":16},"end":{"line":76,"column":49}},"31":{"start":{"line":77,"column":16},"end":{"line":77,"column":null}},"32":{"start":{"line":84,"column":8},"end":{"line":107,"column":null}},"33":{"start":{"line":84,"column":69},"end":{"line":107,"column":10}},"34":{"start":{"line":85,"column":12},"end":{"line":105,"column":null}},"35":{"start":{"line":86,"column":32},"end":{"line":86,"column":58}},"36":{"start":{"line":88,"column":16},"end":{"line":90,"column":null}},"37":{"start":{"line":89,"column":20},"end":{"line":89,"column":null}},"38":{"start":{"line":92,"column":16},"end":{"line":92,"column":52}},"39":{"start":{"line":94,"column":16},"end":{"line":94,"column":66}},"40":{"start":{"line":96,"column":16},"end":{"line":96,"column":null}},"41":{"start":{"line":99,"column":16},"end":{"line":101,"column":null}},"42":{"start":{"line":100,"column":20},"end":{"line":100,"column":null}},"43":{"start":{"line":103,"column":16},"end":{"line":103,"column":52}},"44":{"start":{"line":104,"column":16},"end":{"line":104,"column":null}},"45":{"start":{"line":112,"column":8},"end":{"line":127,"column":null}},"46":{"start":{"line":112,"column":83},"end":{"line":127,"column":10}},"47":{"start":{"line":113,"column":12},"end":{"line":125,"column":null}},"48":{"start":{"line":114,"column":52},"end":{"line":114,"column":127}},"49":{"start":{"line":116,"column":16},"end":{"line":116,"column":null}},"50":{"start":{"line":119,"column":16},"end":{"line":121,"column":null}},"51":{"start":{"line":120,"column":20},"end":{"line":120,"column":null}},"52":{"start":{"line":123,"column":16},"end":{"line":123,"column":52}},"53":{"start":{"line":124,"column":16},"end":{"line":124,"column":null}},"54":{"start":{"line":7,"column":0},"end":{"line":7,"column":13}}},"fnMap":{"0":{"name":"(anonymous_7)","decl":{"start":{"line":11,"column":4},"end":{"line":11,"column":16}},"loc":{"start":{"line":11,"column":42},"end":{"line":13,"column":5}}},"1":{"name":"(anonymous_8)","decl":{"start":{"line":15,"column":4},"end":{"line":15,"column":17}},"loc":{"start":{"line":15,"column":36},"end":{"line":34,"column":5}}},"2":{"name":"(anonymous_9)","decl":{"start":{"line":16,"column":51},"end":{"line":16,"column":57}},"loc":{"start":{"line":16,"column":76},"end":{"line":33,"column":10}}},"3":{"name":"(anonymous_10)","decl":{"start":{"line":16,"column":76},"end":{"line":16,"column":null}},"loc":{"start":{"line":16,"column":76},"end":{"line":33,"column":9}}},"4":{"name":"(anonymous_11)","decl":{"start":{"line":36,"column":4},"end":{"line":36,"column":14}},"loc":{"start":{"line":36,"column":26},"end":{"line":59,"column":5}}},"5":{"name":"(anonymous_12)","decl":{"start":{"line":37,"column":57},"end":{"line":37,"column":63}},"loc":{"start":{"line":37,"column":82},"end":{"line":58,"column":10}}},"6":{"name":"(anonymous_13)","decl":{"start":{"line":37,"column":82},"end":{"line":37,"column":null}},"loc":{"start":{"line":37,"column":82},"end":{"line":58,"column":9}}},"7":{"name":"(anonymous_14)","decl":{"start":{"line":61,"column":4},"end":{"line":61,"column":21}},"loc":{"start":{"line":61,"column":33},"end":{"line":81,"column":5}}},"8":{"name":"(anonymous_15)","decl":{"start":{"line":62,"column":59},"end":{"line":62,"column":65}},"loc":{"start":{"line":62,"column":84},"end":{"line":80,"column":10}}},"9":{"name":"(anonymous_16)","decl":{"start":{"line":62,"column":84},"end":{"line":62,"column":null}},"loc":{"start":{"line":62,"column":84},"end":{"line":80,"column":9}}},"10":{"name":"(anonymous_17)","decl":{"start":{"line":83,"column":4},"end":{"line":83,"column":17}},"loc":{"start":{"line":83,"column":29},"end":{"line":108,"column":5}}},"11":{"name":"(anonymous_18)","decl":{"start":{"line":84,"column":44},"end":{"line":84,"column":50}},"loc":{"start":{"line":84,"column":69},"end":{"line":107,"column":10}}},"12":{"name":"(anonymous_19)","decl":{"start":{"line":84,"column":69},"end":{"line":84,"column":null}},"loc":{"start":{"line":84,"column":69},"end":{"line":107,"column":9}}},"13":{"name":"(anonymous_20)","decl":{"start":{"line":111,"column":4},"end":{"line":111,"column":17}},"loc":{"start":{"line":111,"column":48},"end":{"line":128,"column":5}}},"14":{"name":"(anonymous_21)","decl":{"start":{"line":112,"column":58},"end":{"line":112,"column":64}},"loc":{"start":{"line":112,"column":83},"end":{"line":127,"column":10}}},"15":{"name":"(anonymous_22)","decl":{"start":{"line":112,"column":83},"end":{"line":112,"column":null}},"loc":{"start":{"line":112,"column":83},"end":{"line":127,"column":9}}}},"branchMap":{"0":{"loc":{"start":{"line":25,"column":16},"end":{"line":27,"column":null}},"type":"if","locations":[{"start":{"line":25,"column":16},"end":{"line":27,"column":null}}]},"1":{"loc":{"start":{"line":50,"column":16},"end":{"line":52,"column":null}},"type":"if","locations":[{"start":{"line":50,"column":16},"end":{"line":52,"column":null}}]},"2":{"loc":{"start":{"line":72,"column":16},"end":{"line":74,"column":null}},"type":"if","locations":[{"start":{"line":72,"column":16},"end":{"line":74,"column":null}}]},"3":{"loc":{"start":{"line":88,"column":16},"end":{"line":90,"column":null}},"type":"if","locations":[{"start":{"line":88,"column":16},"end":{"line":90,"column":null}}]},"4":{"loc":{"start":{"line":99,"column":16},"end":{"line":101,"column":null}},"type":"if","locations":[{"start":{"line":99,"column":16},"end":{"line":101,"column":null}}]},"5":{"loc":{"start":{"line":119,"column":16},"end":{"line":121,"column":null}},"type":"if","locations":[{"start":{"line":119,"column":16},"end":{"line":121,"column":null}}]}},"s":{"0":1,"1":1,"2":1,"3":3,"4":0,"5":0,"6":0,"7":0,"8":0,"9":0,"10":0,"11":0,"12":0,"13":0,"14":0,"15":0,"16":0,"17":0,"18":0,"19":0,"20":0,"21":0,"22":0,"23":0,"24":0,"25":0,"26":0,"27":0,"28":0,"29":0,"30":0,"31":0,"32":0,"33":0,"34":0,"35":0,"36":0,"37":0,"38":0,"39":0,"40":0,"41":0,"42":0,"43":0,"44":0,"45":0,"46":0,"47":0,"48":0,"49":0,"50":0,"51":0,"52":0,"53":0,"54":1},"f":{"0":3,"1":0,"2":0,"3":0,"4":0,"5":0,"6":0,"7":0,"8":0,"9":0,"10":0,"11":0,"12":0,"13":0,"14":0,"15":0},"b":{"0":[0],"1":[0],"2":[0],"3":[0],"4":[0],"5":[0]}}
,"/home/seyi-banjo/Codes/OnlineAuction/backend/services/auctioneer.service.ts": {"path":"/home/seyi-banjo/Codes/OnlineAuction/backend/services/auctioneer.service.ts","statementMap":{"0":{"start":{"line":3,"column":0},"end":{"line":3,"column":47}},"1":{"start":{"line":5,"column":0},"end":{"line":5,"column":57}},"2":{"start":{"line":7,"column":0},"end":{"line":7,"column":35}},"3":{"start":{"line":10,"column":22},"end":{"line":10,"column":40}},"4":{"start":{"line":13,"column":16},"end":{"line":13,"column":48}},"5":{"start":{"line":18,"column":8},"end":{"line":33,"column":null}},"6":{"start":{"line":18,"column":76},"end":{"line":33,"column":10}},"7":{"start":{"line":19,"column":12},"end":{"line":31,"column":null}},"8":{"start":{"line":20,"column":34},"end":{"line":20,"column":67}},"9":{"start":{"line":22,"column":16},"end":{"line":22,"column":null}},"10":{"start":{"line":25,"column":16},"end":{"line":27,"column":null}},"11":{"start":{"line":26,"column":20},"end":{"line":26,"column":null}},"12":{"start":{"line":29,"column":16},"end":{"line":29,"column":52}},"13":{"start":{"line":30,"column":16},"end":{"line":30,"column":null}},"14":{"start":{"line":49,"column":8},"end":{"line":64,"column":null}},"15":{"start":{"line":49,"column":82},"end":{"line":64,"column":10}},"16":{"start":{"line":50,"column":12},"end":{"line":62,"column":null}},"17":{"start":{"line":51,"column":52},"end":{"line":51,"column":82}},"18":{"start":{"line":53,"column":16},"end":{"line":53,"column":null}},"19":{"start":{"line":56,"column":16},"end":{"line":58,"column":null}},"20":{"start":{"line":57,"column":20},"end":{"line":57,"column":null}},"21":{"start":{"line":60,"column":16},"end":{"line":60,"column":48}},"22":{"start":{"line":61,"column":16},"end":{"line":61,"column":null}},"23":{"start":{"line":15,"column":0},"end":{"line":15,"column":13}}},"fnMap":{"0":{"name":"(anonymous_7)","decl":{"start":{"line":17,"column":4},"end":{"line":17,"column":17}},"loc":{"start":{"line":17,"column":36},"end":{"line":34,"column":5}}},"1":{"name":"(anonymous_8)","decl":{"start":{"line":18,"column":51},"end":{"line":18,"column":57}},"loc":{"start":{"line":18,"column":76},"end":{"line":33,"column":10}}},"2":{"name":"(anonymous_9)","decl":{"start":{"line":18,"column":76},"end":{"line":18,"column":null}},"loc":{"start":{"line":18,"column":76},"end":{"line":33,"column":9}}},"3":{"name":"(anonymous_10)","decl":{"start":{"line":36,"column":4},"end":{"line":36,"column":16}},"loc":{"start":{"line":36,"column":16},"end":{"line":36,"column":20}}},"4":{"name":"(anonymous_11)","decl":{"start":{"line":38,"column":4},"end":{"line":38,"column":14}},"loc":{"start":{"line":38,"column":14},"end":{"line":38,"column":19}}},"5":{"name":"(anonymous_12)","decl":{"start":{"line":40,"column":4},"end":{"line":40,"column":17}},"loc":{"start":{"line":40,"column":17},"end":{"line":40,"column":22}}},"6":{"name":"(anonymous_13)","decl":{"start":{"line":42,"column":4},"end":{"line":42,"column":17}},"loc":{"start":{"line":42,"column":17},"end":{"line":42,"column":22}}},"7":{"name":"(anonymous_14)","decl":{"start":{"line":44,"column":4},"end":{"line":44,"column":16}},"loc":{"start":{"line":44,"column":16},"end":{"line":44,"column":21}}},"8":{"name":"(anonymous_15)","decl":{"start":{"line":46,"column":4},"end":{"line":46,"column":16}},"loc":{"start":{"line":46,"column":16},"end":{"line":46,"column":21}}},"9":{"name":"(anonymous_16)","decl":{"start":{"line":48,"column":4},"end":{"line":48,"column":23}},"loc":{"start":{"line":48,"column":35},"end":{"line":65,"column":5}}},"10":{"name":"(anonymous_17)","decl":{"start":{"line":49,"column":57},"end":{"line":49,"column":63}},"loc":{"start":{"line":49,"column":82},"end":{"line":64,"column":10}}},"11":{"name":"(anonymous_18)","decl":{"start":{"line":49,"column":82},"end":{"line":49,"column":null}},"loc":{"start":{"line":49,"column":82},"end":{"line":64,"column":9}}}},"branchMap":{"0":{"loc":{"start":{"line":25,"column":16},"end":{"line":27,"column":null}},"type":"if","locations":[{"start":{"line":25,"column":16},"end":{"line":27,"column":null}}]},"1":{"loc":{"start":{"line":56,"column":16},"end":{"line":58,"column":null}},"type":"if","locations":[{"start":{"line":56,"column":16},"end":{"line":58,"column":null}}]}},"s":{"0":1,"1":1,"2":1,"3":1,"4":1,"5":0,"6":0,"7":0,"8":0,"9":0,"10":0,"11":0,"12":0,"13":0,"14":0,"15":0,"16":0,"17":0,"18":0,"19":0,"20":0,"21":0,"22":0,"23":1},"f":{"0":0,"1":0,"2":0,"3":0,"4":0,"5":0,"6":0,"7":0,"8":0,"9":0,"10":0,"11":0},"b":{"0":[0],"1":[0]}}
,"/home/seyi-banjo/Codes/OnlineAuction/backend/services/auth.service.ts": {"path":"/home/seyi-banjo/Codes/OnlineAuction/backend/services/auth.service.ts","statementMap":{"0":{"start":{"line":1,"column":0},"end":{"line":1,"column":101}},"1":{"start":{"line":6,"column":8},"end":{"line":27,"column":null}},"2":{"start":{"line":6,"column":97},"end":{"line":27,"column":10}},"3":{"start":{"line":7,"column":12},"end":{"line":26,"column":null}},"4":{"start":{"line":8,"column":35},"end":{"line":8,"column":78}},"5":{"start":{"line":10,"column":16},"end":{"line":12,"column":null}},"6":{"start":{"line":11,"column":20},"end":{"line":11,"column":null}},"7":{"start":{"line":13,"column":51},"end":{"line":13,"column":80}},"8":{"start":{"line":15,"column":30},"end":{"line":15,"column":60}},"9":{"start":{"line":17,"column":16},"end":{"line":17,"column":52}},"10":{"start":{"line":20,"column":16},"end":{"line":22,"column":null}},"11":{"start":{"line":21,"column":20},"end":{"line":21,"column":null}},"12":{"start":{"line":24,"column":16},"end":{"line":24,"column":45}},"13":{"start":{"line":25,"column":16},"end":{"line":25,"column":null}},"14":{"start":{"line":31,"column":8},"end":{"line":58,"column":null}},"15":{"start":{"line":31,"column":89},"end":{"line":58,"column":10}},"16":{"start":{"line":32,"column":12},"end":{"line":57,"column":null}},"17":{"start":{"line":34,"column":42},"end":{"line":34,"column":46}},"18":{"start":{"line":36,"column":57},"end":{"line":36,"column":117}},"19":{"start":{"line":39,"column":16},"end":{"line":39,"column":55}},"20":{"start":{"line":39,"column":33},"end":{"line":39,"column":55}},"21":{"start":{"line":41,"column":22},"end":{"line":41,"column":62}},"22":{"start":{"line":42,"column":16},"end":{"line":42,"column":92}},"23":{"start":{"line":42,"column":29},"end":{"line":42,"column":92}},"24":{"start":{"line":44,"column":16},"end":{"line":44,"column":48}},"25":{"start":{"line":46,"column":38},"end":{"line":46,"column":68}},"26":{"start":{"line":48,"column":16},"end":{"line":48,"column":67}},"27":{"start":{"line":48,"column":27},"end":{"line":48,"column":67}},"28":{"start":{"line":52,"column":16},"end":{"line":52,"column":null}},"29":{"start":{"line":55,"column":16},"end":{"line":55,"column":52}},"30":{"start":{"line":56,"column":16},"end":{"line":56,"column":null}},"31":{"start":{"line":4,"column":0},"end":{"line":4,"column":13}}},"fnMap":{"0":{"name":"(anonymous_7)","decl":{"start":{"line":5,"column":1},"end":{"line":5,"column":7}},"loc":{"start":{"line":5,"column":29},"end":{"line":28,"column":5}}},"1":{"name":"(anonymous_8)","decl":{"start":{"line":6,"column":72},"end":{"line":6,"column":78}},"loc":{"start":{"line":6,"column":97},"end":{"line":27,"column":10}}},"2":{"name":"(anonymous_9)","decl":{"start":{"line":6,"column":97},"end":{"line":6,"column":null}},"loc":{"start":{"line":6,"column":97},"end":{"line":27,"column":9}}},"3":{"name":"(anonymous_10)","decl":{"start":{"line":30,"column":4},"end":{"line":30,"column":9}},"loc":{"start":{"line":30,"column":32},"end":{"line":59,"column":5}}},"4":{"name":"(anonymous_11)","decl":{"start":{"line":31,"column":64},"end":{"line":31,"column":70}},"loc":{"start":{"line":31,"column":89},"end":{"line":58,"column":10}}},"5":{"name":"(anonymous_12)","decl":{"start":{"line":31,"column":89},"end":{"line":31,"column":null}},"loc":{"start":{"line":31,"column":89},"end":{"line":58,"column":9}}}},"branchMap":{"0":{"loc":{"start":{"line":10,"column":16},"end":{"line":12,"column":null}},"type":"if","locations":[{"start":{"line":10,"column":16},"end":{"line":12,"column":null}}]},"1":{"loc":{"start":{"line":20,"column":16},"end":{"line":22,"column":null}},"type":"if","locations":[{"start":{"line":20,"column":16},"end":{"line":22,"column":null}}]},"2":{"loc":{"start":{"line":39,"column":16},"end":{"line":39,"column":55}},"type":"if","locations":[{"start":{"line":39,"column":16},"end":{"line":39,"column":55}}]},"3":{"loc":{"start":{"line":42,"column":16},"end":{"line":42,"column":92}},"type":"if","locations":[{"start":{"line":42,"column":16},"end":{"line":42,"column":92}}]},"4":{"loc":{"start":{"line":48,"column":16},"end":{"line":48,"column":67}},"type":"if","locations":[{"start":{"line":48,"column":16},"end":{"line":48,"column":67}}]}},"s":{"0":1,"1":0,"2":0,"3":0,"4":0,"5":0,"6":0,"7":0,"8":0,"9":0,"10":0,"11":0,"12":0,"13":0,"14":0,"15":0,"16":0,"17":0,"18":0,"19":0,"20":0,"21":0,"22":0,"23":0,"24":0,"25":0,"26":0,"27":0,"28":0,"29":0,"30":0,"31":1},"f":{"0":0,"1":0,"2":0,"3":0,"4":0,"5":0},"b":{"0":[0],"1":[0],"2":[0],"3":[0],"4":[0]}}
,"/home/seyi-banjo/Codes/OnlineAuction/backend/services/bid.service.ts": {"path":"/home/seyi-banjo/Codes/OnlineAuction/backend/services/bid.service.ts","statementMap":{"0":{"start":{"line":1,"column":0},"end":{"line":1,"column":49}},"1":{"start":{"line":3,"column":0},"end":{"line":3,"column":35}},"2":{"start":{"line":5,"column":13},"end":{"line":5,"column":48}},"3":{"start":{"line":12,"column":8},"end":{"line":12,"column":null}},"4":{"start":{"line":16,"column":8},"end":{"line":33,"column":null}},"5":{"start":{"line":16,"column":69},"end":{"line":33,"column":10}},"6":{"start":{"line":17,"column":12},"end":{"line":31,"column":null}},"7":{"start":{"line":18,"column":28},"end":{"line":18,"column":56}},"8":{"start":{"line":20,"column":16},"end":{"line":20,"column":null}},"9":{"start":{"line":22,"column":16},"end":{"line":22,"column":null}},"10":{"start":{"line":25,"column":16},"end":{"line":27,"column":null}},"11":{"start":{"line":26,"column":20},"end":{"line":26,"column":null}},"12":{"start":{"line":29,"column":16},"end":{"line":29,"column":48}},"13":{"start":{"line":30,"column":16},"end":{"line":30,"column":null}},"14":{"start":{"line":37,"column":8},"end":{"line":58,"column":null}},"15":{"start":{"line":37,"column":75},"end":{"line":58,"column":10}},"16":{"start":{"line":38,"column":12},"end":{"line":56,"column":null}},"17":{"start":{"line":39,"column":26},"end":{"line":39,"column":51}},"18":{"start":{"line":41,"column":16},"end":{"line":43,"column":null}},"19":{"start":{"line":42,"column":20},"end":{"line":42,"column":null}},"20":{"start":{"line":45,"column":16},"end":{"line":45,"column":null}},"21":{"start":{"line":47,"column":16},"end":{"line":47,"column":null}},"22":{"start":{"line":50,"column":16},"end":{"line":52,"column":null}},"23":{"start":{"line":51,"column":20},"end":{"line":51,"column":null}},"24":{"start":{"line":54,"column":16},"end":{"line":54,"column":48}},"25":{"start":{"line":55,"column":16},"end":{"line":55,"column":null}},"26":{"start":{"line":62,"column":8},"end":{"line":83,"column":null}},"27":{"start":{"line":62,"column":56},"end":{"line":83,"column":10}},"28":{"start":{"line":63,"column":12},"end":{"line":81,"column":null}},"29":{"start":{"line":64,"column":26},"end":{"line":64,"column":51}},"30":{"start":{"line":66,"column":16},"end":{"line":68,"column":null}},"31":{"start":{"line":67,"column":20},"end":{"line":67,"column":null}},"32":{"start":{"line":70,"column":16},"end":{"line":70,"column":null}},"33":{"start":{"line":72,"column":16},"end":{"line":72,"column":null}},"34":{"start":{"line":75,"column":16},"end":{"line":77,"column":null}},"35":{"start":{"line":76,"column":20},"end":{"line":76,"column":null}},"36":{"start":{"line":79,"column":16},"end":{"line":79,"column":48}},"37":{"start":{"line":80,"column":16},"end":{"line":80,"column":null}},"38":{"start":{"line":87,"column":8},"end":{"line":97,"column":null}},"39":{"start":{"line":87,"column":57},"end":{"line":97,"column":10}},"40":{"start":{"line":88,"column":12},"end":{"line":96,"column":null}},"41":{"start":{"line":89,"column":29},"end":{"line":89,"column":56}},"42":{"start":{"line":91,"column":16},"end":{"line":91,"column":null}},"43":{"start":{"line":95,"column":16},"end":{"line":95,"column":null}},"44":{"start":{"line":102,"column":8},"end":{"line":112,"column":null}},"45":{"start":{"line":102,"column":77},"end":{"line":112,"column":10}},"46":{"start":{"line":103,"column":12},"end":{"line":111,"column":null}},"47":{"start":{"line":104,"column":45},"end":{"line":104,"column":70}},"48":{"start":{"line":106,"column":16},"end":{"line":106,"column":null}},"49":{"start":{"line":110,"column":16},"end":{"line":110,"column":null}},"50":{"start":{"line":7,"column":0},"end":{"line":7,"column":13}}},"fnMap":{"0":{"name":"(anonymous_7)","decl":{"start":{"line":11,"column":4},"end":{"line":11,"column":16}},"loc":{"start":{"line":11,"column":42},"end":{"line":13,"column":5}}},"1":{"name":"(anonymous_8)","decl":{"start":{"line":15,"column":4},"end":{"line":15,"column":11}},"loc":{"start":{"line":15,"column":32},"end":{"line":34,"column":5}}},"2":{"name":"(anonymous_9)","decl":{"start":{"line":16,"column":44},"end":{"line":16,"column":50}},"loc":{"start":{"line":16,"column":69},"end":{"line":33,"column":10}}},"3":{"name":"(anonymous_10)","decl":{"start":{"line":16,"column":69},"end":{"line":16,"column":null}},"loc":{"start":{"line":16,"column":69},"end":{"line":33,"column":9}}},"4":{"name":"(anonymous_11)","decl":{"start":{"line":36,"column":4},"end":{"line":36,"column":13}},"loc":{"start":{"line":36,"column":49},"end":{"line":59,"column":5}}},"5":{"name":"(anonymous_12)","decl":{"start":{"line":37,"column":50},"end":{"line":37,"column":56}},"loc":{"start":{"line":37,"column":75},"end":{"line":58,"column":10}}},"6":{"name":"(anonymous_13)","decl":{"start":{"line":37,"column":75},"end":{"line":37,"column":null}},"loc":{"start":{"line":37,"column":75},"end":{"line":58,"column":9}}},"7":{"name":"(anonymous_14)","decl":{"start":{"line":61,"column":4},"end":{"line":61,"column":13}},"loc":{"start":{"line":61,"column":27},"end":{"line":84,"column":5}}},"8":{"name":"(anonymous_15)","decl":{"start":{"line":62,"column":31},"end":{"line":62,"column":37}},"loc":{"start":{"line":62,"column":56},"end":{"line":83,"column":10}}},"9":{"name":"(anonymous_16)","decl":{"start":{"line":62,"column":56},"end":{"line":62,"column":null}},"loc":{"start":{"line":62,"column":56},"end":{"line":83,"column":9}}},"10":{"name":"(anonymous_17)","decl":{"start":{"line":86,"column":4},"end":{"line":86,"column":18}},"loc":{"start":{"line":86,"column":36},"end":{"line":98,"column":5}}},"11":{"name":"(anonymous_18)","decl":{"start":{"line":87,"column":31},"end":{"line":87,"column":38}},"loc":{"start":{"line":87,"column":57},"end":{"line":97,"column":10}}},"12":{"name":"(anonymous_19)","decl":{"start":{"line":87,"column":57},"end":{"line":87,"column":null}},"loc":{"start":{"line":87,"column":57},"end":{"line":97,"column":9}}},"13":{"name":"(anonymous_20)","decl":{"start":{"line":101,"column":4},"end":{"line":101,"column":10}},"loc":{"start":{"line":101,"column":24},"end":{"line":113,"column":5}}},"14":{"name":"(anonymous_21)","decl":{"start":{"line":102,"column":51},"end":{"line":102,"column":58}},"loc":{"start":{"line":102,"column":77},"end":{"line":112,"column":10}}},"15":{"name":"(anonymous_22)","decl":{"start":{"line":102,"column":77},"end":{"line":102,"column":null}},"loc":{"start":{"line":102,"column":77},"end":{"line":112,"column":9}}}},"branchMap":{"0":{"loc":{"start":{"line":25,"column":16},"end":{"line":27,"column":null}},"type":"if","locations":[{"start":{"line":25,"column":16},"end":{"line":27,"column":null}}]},"1":{"loc":{"start":{"line":41,"column":16},"end":{"line":43,"column":null}},"type":"if","locations":[{"start":{"line":41,"column":16},"end":{"line":43,"column":null}}]},"2":{"loc":{"start":{"line":50,"column":16},"end":{"line":52,"column":null}},"type":"if","locations":[{"start":{"line":50,"column":16},"end":{"line":52,"column":null}}]},"3":{"loc":{"start":{"line":66,"column":16},"end":{"line":68,"column":null}},"type":"if","locations":[{"start":{"line":66,"column":16},"end":{"line":68,"column":null}}]},"4":{"loc":{"start":{"line":75,"column":16},"end":{"line":77,"column":null}},"type":"if","locations":[{"start":{"line":75,"column":16},"end":{"line":77,"column":null}}]}},"s":{"0":1,"1":1,"2":1,"3":1,"4":0,"5":0,"6":0,"7":0,"8":0,"9":0,"10":0,"11":0,"12":0,"13":0,"14":0,"15":0,"16":0,"17":0,"18":0,"19":0,"20":0,"21":0,"22":0,"23":0,"24":0,"25":0,"26":0,"27":0,"28":0,"29":0,"30":0,"31":0,"32":0,"33":0,"34":0,"35":0,"36":0,"37":0,"38":0,"39":0,"40":0,"41":0,"42":0,"43":0,"44":0,"45":0,"46":0,"47":0,"48":0,"49":0,"50":1},"f":{"0":1,"1":0,"2":0,"3":0,"4":0,"5":0,"6":0,"7":0,"8":0,"9":0,"10":0,"11":0,"12":0,"13":0,"14":0,"15":0},"b":{"0":[0],"1":[0],"2":[0],"3":[0],"4":[0]}}
,"/home/seyi-banjo/Codes/OnlineAuction/backend/services/market.service.ts": {"path":"/home/seyi-banjo/Codes/OnlineAuction/backend/services/market.service.ts","statementMap":{"0":{"start":{"line":2,"column":0},"end":{"line":2,"column":57}},"1":{"start":{"line":8,"column":8},"end":{"line":23,"column":null}},"2":{"start":{"line":8,"column":74},"end":{"line":23,"column":10}},"3":{"start":{"line":9,"column":12},"end":{"line":21,"column":null}},"4":{"start":{"line":10,"column":43},"end":{"line":10,"column":68}},"5":{"start":{"line":12,"column":16},"end":{"line":12,"column":null}},"6":{"start":{"line":15,"column":16},"end":{"line":17,"column":null}},"7":{"start":{"line":16,"column":20},"end":{"line":16,"column":null}},"8":{"start":{"line":19,"column":16},"end":{"line":19,"column":51}},"9":{"start":{"line":20,"column":16},"end":{"line":20,"column":null}},"10":{"start":{"line":27,"column":8},"end":{"line":42,"column":null}},"11":{"start":{"line":27,"column":79},"end":{"line":42,"column":10}},"12":{"start":{"line":28,"column":12},"end":{"line":40,"column":null}},"13":{"start":{"line":29,"column":50},"end":{"line":29,"column":125}},"14":{"start":{"line":31,"column":16},"end":{"line":31,"column":null}},"15":{"start":{"line":34,"column":16},"end":{"line":36,"column":null}},"16":{"start":{"line":35,"column":20},"end":{"line":35,"column":null}},"17":{"start":{"line":38,"column":16},"end":{"line":38,"column":51}},"18":{"start":{"line":39,"column":16},"end":{"line":39,"column":null}},"19":{"start":{"line":47,"column":8},"end":{"line":62,"column":null}},"20":{"start":{"line":47,"column":56},"end":{"line":62,"column":10}},"21":{"start":{"line":48,"column":12},"end":{"line":60,"column":null}},"22":{"start":{"line":49,"column":41},"end":{"line":49,"column":75}},"23":{"start":{"line":51,"column":16},"end":{"line":51,"column":null}},"24":{"start":{"line":54,"column":16},"end":{"line":56,"column":null}},"25":{"start":{"line":55,"column":20},"end":{"line":55,"column":null}},"26":{"start":{"line":58,"column":16},"end":{"line":58,"column":51}},"27":{"start":{"line":59,"column":16},"end":{"line":59,"column":null}},"28":{"start":{"line":66,"column":8},"end":{"line":81,"column":null}},"29":{"start":{"line":66,"column":82},"end":{"line":81,"column":10}},"30":{"start":{"line":67,"column":12},"end":{"line":79,"column":null}},"31":{"start":{"line":68,"column":52},"end":{"line":68,"column":71}},"32":{"start":{"line":70,"column":16},"end":{"line":70,"column":null}},"33":{"start":{"line":73,"column":16},"end":{"line":75,"column":null}},"34":{"start":{"line":74,"column":20},"end":{"line":74,"column":null}},"35":{"start":{"line":77,"column":16},"end":{"line":77,"column":48}},"36":{"start":{"line":78,"column":16},"end":{"line":78,"column":null}},"37":{"start":{"line":85,"column":8},"end":{"line":103,"column":null}},"38":{"start":{"line":85,"column":80},"end":{"line":103,"column":10}},"39":{"start":{"line":86,"column":12},"end":{"line":101,"column":null}},"40":{"start":{"line":87,"column":50},"end":{"line":90,"column":18}},"41":{"start":{"line":92,"column":16},"end":{"line":92,"column":null}},"42":{"start":{"line":95,"column":16},"end":{"line":97,"column":null}},"43":{"start":{"line":96,"column":20},"end":{"line":96,"column":null}},"44":{"start":{"line":99,"column":16},"end":{"line":99,"column":48}},"45":{"start":{"line":100,"column":16},"end":{"line":100,"column":null}},"46":{"start":{"line":108,"column":4},"end":{"line":123,"column":null}},"47":{"start":{"line":108,"column":76},"end":{"line":123,"column":6}},"48":{"start":{"line":109,"column":8},"end":{"line":121,"column":null}},"49":{"start":{"line":110,"column":52},"end":{"line":110,"column":82}},"50":{"start":{"line":112,"column":12},"end":{"line":112,"column":null}},"51":{"start":{"line":115,"column":12},"end":{"line":117,"column":null}},"52":{"start":{"line":116,"column":16},"end":{"line":116,"column":null}},"53":{"start":{"line":119,"column":12},"end":{"line":119,"column":44}},"54":{"start":{"line":120,"column":12},"end":{"line":120,"column":null}},"55":{"start":{"line":5,"column":0},"end":{"line":5,"column":13}}},"fnMap":{"0":{"name":"(anonymous_7)","decl":{"start":{"line":7,"column":4},"end":{"line":7,"column":16}},"loc":{"start":{"line":7,"column":34},"end":{"line":24,"column":5}}},"1":{"name":"(anonymous_8)","decl":{"start":{"line":8,"column":49},"end":{"line":8,"column":55}},"loc":{"start":{"line":8,"column":74},"end":{"line":23,"column":10}}},"2":{"name":"(anonymous_9)","decl":{"start":{"line":8,"column":74},"end":{"line":8,"column":null}},"loc":{"start":{"line":8,"column":74},"end":{"line":23,"column":9}}},"3":{"name":"(anonymous_10)","decl":{"start":{"line":26,"column":4},"end":{"line":26,"column":16}},"loc":{"start":{"line":26,"column":46},"end":{"line":43,"column":5}}},"4":{"name":"(anonymous_11)","decl":{"start":{"line":27,"column":54},"end":{"line":27,"column":60}},"loc":{"start":{"line":27,"column":79},"end":{"line":42,"column":10}}},"5":{"name":"(anonymous_12)","decl":{"start":{"line":27,"column":79},"end":{"line":27,"column":null}},"loc":{"start":{"line":27,"column":79},"end":{"line":42,"column":9}}},"6":{"name":"(anonymous_13)","decl":{"start":{"line":46,"column":4},"end":{"line":46,"column":16}},"loc":{"start":{"line":46,"column":28},"end":{"line":63,"column":5}}},"7":{"name":"(anonymous_14)","decl":{"start":{"line":47,"column":31},"end":{"line":47,"column":37}},"loc":{"start":{"line":47,"column":56},"end":{"line":62,"column":10}}},"8":{"name":"(anonymous_15)","decl":{"start":{"line":47,"column":56},"end":{"line":47,"column":null}},"loc":{"start":{"line":47,"column":56},"end":{"line":62,"column":9}}},"9":{"name":"(anonymous_16)","decl":{"start":{"line":65,"column":4},"end":{"line":65,"column":17}},"loc":{"start":{"line":65,"column":17},"end":{"line":82,"column":5}}},"10":{"name":"(anonymous_17)","decl":{"start":{"line":66,"column":57},"end":{"line":66,"column":63}},"loc":{"start":{"line":66,"column":82},"end":{"line":81,"column":10}}},"11":{"name":"(anonymous_18)","decl":{"start":{"line":66,"column":82},"end":{"line":66,"column":null}},"loc":{"start":{"line":66,"column":82},"end":{"line":81,"column":9}}},"12":{"name":"(anonymous_19)","decl":{"start":{"line":84,"column":3},"end":{"line":84,"column":12}},"loc":{"start":{"line":84,"column":24},"end":{"line":104,"column":5}}},"13":{"name":"(anonymous_20)","decl":{"start":{"line":85,"column":55},"end":{"line":85,"column":61}},"loc":{"start":{"line":85,"column":80},"end":{"line":103,"column":10}}},"14":{"name":"(anonymous_21)","decl":{"start":{"line":85,"column":80},"end":{"line":85,"column":null}},"loc":{"start":{"line":85,"column":80},"end":{"line":103,"column":9}}},"15":{"name":"(anonymous_22)","decl":{"start":{"line":107,"column":3},"end":{"line":107,"column":22}},"loc":{"start":{"line":107,"column":34},"end":{"line":124,"column":1}}},"16":{"name":"(anonymous_23)","decl":{"start":{"line":108,"column":51},"end":{"line":108,"column":57}},"loc":{"start":{"line":108,"column":76},"end":{"line":123,"column":6}}},"17":{"name":"(anonymous_24)","decl":{"start":{"line":108,"column":76},"end":{"line":108,"column":null}},"loc":{"start":{"line":108,"column":76},"end":{"line":123,"column":5}}}},"branchMap":{"0":{"loc":{"start":{"line":15,"column":16},"end":{"line":17,"column":null}},"type":"if","locations":[{"start":{"line":15,"column":16},"end":{"line":17,"column":null}}]},"1":{"loc":{"start":{"line":34,"column":16},"end":{"line":36,"column":null}},"type":"if","locations":[{"start":{"line":34,"column":16},"end":{"line":36,"column":null}}]},"2":{"loc":{"start":{"line":54,"column":16},"end":{"line":56,"column":null}},"type":"if","locations":[{"start":{"line":54,"column":16},"end":{"line":56,"column":null}}]},"3":{"loc":{"start":{"line":73,"column":16},"end":{"line":75,"column":null}},"type":"if","locations":[{"start":{"line":73,"column":16},"end":{"line":75,"column":null}}]},"4":{"loc":{"start":{"line":95,"column":16},"end":{"line":97,"column":null}},"type":"if","locations":[{"start":{"line":95,"column":16},"end":{"line":97,"column":null}}]},"5":{"loc":{"start":{"line":115,"column":12},"end":{"line":117,"column":null}},"type":"if","locations":[{"start":{"line":115,"column":12},"end":{"line":117,"column":null}}]}},"s":{"0":1,"1":0,"2":0,"3":0,"4":0,"5":0,"6":0,"7":0,"8":0,"9":0,"10":0,"11":0,"12":0,"13":0,"14":0,"15":0,"16":0,"17":0,"18":0,"19":0,"20":0,"21":0,"22":0,"23":0,"24":0,"25":0,"26":0,"27":0,"28":0,"29":0,"30":0,"31":0,"32":0,"33":0,"34":0,"35":0,"36":0,"37":0,"38":0,"39":0,"40":0,"41":0,"42":0,"43":0,"44":0,"45":0,"46":0,"47":0,"48":0,"49":0,"50":0,"51":0,"52":0,"53":0,"54":0,"55":1},"f":{"0":0,"1":0,"2":0,"3":0,"4":0,"5":0,"6":0,"7":0,"8":0,"9":0,"10":0,"11":0,"12":0,"13":0,"14":0,"15":0,"16":0,"17":0},"b":{"0":[0],"1":[0],"2":[0],"3":[0],"4":[0],"5":[0]}}
,"/home/seyi-banjo/Codes/OnlineAuction/backend/validators/auth.validator.ts": {"path":"/home/seyi-banjo/Codes/OnlineAuction/backend/validators/auth.validator.ts","statementMap":{"0":{"start":{"line":1,"column":0},"end":{"line":1,"column":21}},"1":{"start":{"line":4,"column":29},"end":{"line":11,"column":1}},"2":{"start":{"line":5,"column":24},"end":{"line":8,"column":6}},"3":{"start":{"line":10,"column":4},"end":{"line":10,"column":null}},"4":{"start":{"line":4,"column":13},"end":{"line":4,"column":29}},"5":{"start":{"line":13,"column":30},"end":{"line":26,"column":1}},"6":{"start":{"line":15,"column":25},"end":{"line":23,"column":6}},"7":{"start":{"line":25,"column":4},"end":{"line":25,"column":null}},"8":{"start":{"line":13,"column":13},"end":{"line":13,"column":30}}},"fnMap":{"0":{"name":"(anonymous_1)","decl":{"start":{"line":4,"column":29},"end":{"line":4,"column":31}},"loc":{"start":{"line":4,"column":65},"end":{"line":11,"column":1}}},"1":{"name":"(anonymous_2)","decl":{"start":{"line":13,"column":30},"end":{"line":13,"column":32}},"loc":{"start":{"line":13,"column":66},"end":{"line":26,"column":1}}}},"branchMap":{},"s":{"0":1,"1":1,"2":0,"3":0,"4":1,"5":1,"6":0,"7":0,"8":1},"f":{"0":0,"1":0},"b":{}}
,"/home/seyi-banjo/Codes/OnlineAuction/backend/validators/bid.validator.ts": {"path":"/home/seyi-banjo/Codes/OnlineAuction/backend/validators/bid.validator.ts","statementMap":{"0":{"start":{"line":1,"column":0},"end":{"line":1,"column":21}},"1":{"start":{"line":4,"column":35},"end":{"line":13,"column":1}},"2":{"start":{"line":5,"column":26},"end":{"line":10,"column":6}},"3":{"start":{"line":12,"column":4},"end":{"line":12,"column":null}},"4":{"start":{"line":4,"column":13},"end":{"line":4,"column":35}},"5":{"start":{"line":15,"column":33},"end":{"line":23,"column":1}},"6":{"start":{"line":16,"column":26},"end":{"line":20,"column":6}},"7":{"start":{"line":22,"column":4},"end":{"line":22,"column":null}},"8":{"start":{"line":15,"column":13},"end":{"line":15,"column":33}}},"fnMap":{"0":{"name":"(anonymous_1)","decl":{"start":{"line":4,"column":35},"end":{"line":4,"column":37}},"loc":{"start":{"line":4,"column":62},"end":{"line":13,"column":1}}},"1":{"name":"(anonymous_2)","decl":{"start":{"line":15,"column":33},"end":{"line":15,"column":35}},"loc":{"start":{"line":15,"column":60},"end":{"line":23,"column":1}}}},"branchMap":{},"s":{"0":1,"1":1,"2":0,"3":0,"4":1,"5":1,"6":0,"7":0,"8":1},"f":{"0":0,"1":0},"b":{}}
}
